ARM GAS  C:\Users\Gaetano\AppData\Local\Temp\ccXEF2wz.s 			page 1


   1              		.syntax unified
   2              		.cpu cortex-m4
   3              		.fpu softvfp
   4              		.eabi_attribute 20, 1
   5              		.eabi_attribute 21, 1
   6              		.eabi_attribute 23, 3
   7              		.eabi_attribute 24, 1
   8              		.eabi_attribute 25, 1
   9              		.eabi_attribute 26, 1
  10              		.eabi_attribute 30, 2
  11              		.eabi_attribute 34, 1
  12              		.eabi_attribute 18, 4
  13              		.thumb
  14              		.file	"pwm.c"
  15              		.text
  16              	.Ltext0:
  17              		.cfi_sections	.debug_frame
  18              		.section	.text.pwmInit,"ax",%progbits
  19              		.align	2
  20              		.p2align 4,,15
  21              		.global	pwmInit
  22              		.thumb
  23              		.thumb_func
  24              		.type	pwmInit, %function
  25              	pwmInit:
  26              	.LFB118:
  27              		.file 1 "../../os/hal/src/pwm.c"
  28              		.loc 1 68 0
  29              		.cfi_startproc
  30              		@ args = 0, pretend = 0, frame = 0
  31              		@ frame_needed = 0, uses_anonymous_args = 0
  32              		@ link register save eliminated.
  33              		.loc 1 71 0
  34              		.loc 1 70 0
  35 0000 FFF7FEBF 		b	pwm_lld_init
  36              	.LVL0:
  37              		.cfi_endproc
  38              	.LFE118:
  39              		.size	pwmInit, .-pwmInit
  40 0004 AFF30080 		.section	.text.pwmObjectInit,"ax",%progbits
  40      AFF30080 
  40      AFF30080 
  41              		.align	2
  42              		.p2align 4,,15
  43              		.global	pwmObjectInit
  44              		.thumb
  45              		.thumb_func
  46              		.type	pwmObjectInit, %function
  47              	pwmObjectInit:
  48              	.LFB119:
  49              		.loc 1 80 0
  50              		.cfi_startproc
  51              		@ args = 0, pretend = 0, frame = 0
  52              		@ frame_needed = 0, uses_anonymous_args = 0
  53              		@ link register save eliminated.
  54              	.LVL1:
  55              		.loc 1 82 0
ARM GAS  C:\Users\Gaetano\AppData\Local\Temp\ccXEF2wz.s 			page 2


  56 0000 0123     		movs	r3, #1
  57              		.loc 1 83 0
  58 0002 0021     		movs	r1, #0
  59              		.loc 1 82 0
  60 0004 0370     		strb	r3, [r0, #0]
  61              		.loc 1 83 0
  62 0006 4160     		str	r1, [r0, #4]
  63 0008 7047     		bx	lr
  64              		.cfi_endproc
  65              	.LFE119:
  66              		.size	pwmObjectInit, .-pwmObjectInit
  67 000a 00BFAFF3 		.section	.text.pwmStart,"ax",%progbits
  67      0080
  68              		.align	2
  69              		.p2align 4,,15
  70              		.global	pwmStart
  71              		.thumb
  72              		.thumb_func
  73              		.type	pwmStart, %function
  74              	pwmStart:
  75              	.LFB120:
  76              		.loc 1 99 0
  77              		.cfi_startproc
  78              		@ args = 0, pretend = 0, frame = 0
  79              		@ frame_needed = 0, uses_anonymous_args = 0
  80              	.LVL2:
  81 0000 10B5     		push	{r4, lr}
  82              	.LCFI0:
  83              		.cfi_def_cfa_offset 8
  84              		.cfi_offset 4, -8
  85              		.cfi_offset 14, -4
  86              	.LBB2:
  87              		.loc 1 103 0
  88 0002 2023     		movs	r3, #32
  89              	.LVL3:
  90              	.LBE2:
  91              		.loc 1 99 0
  92 0004 0446     		mov	r4, r0
  93              	.LBB3:
  94              		.loc 1 103 0
  95              	@ 103 "../../os/hal/src/pwm.c" 1
  96 0006 83F31188 		msr     BASEPRI, r3
  97              	@ 0 "" 2
  98              	.LVL4:
  99              		.thumb
 100              	.LBE3:
 101              		.loc 1 107 0
 102 000a 8B88     		ldrh	r3, [r1, #4]
 103              	.LVL5:
 104              		.loc 1 106 0
 105 000c 4160     		str	r1, [r0, #4]
 106              		.loc 1 107 0
 107 000e 0381     		strh	r3, [r0, #8]	@ movhi
 108              		.loc 1 108 0
 109 0010 FFF7FEFF 		bl	pwm_lld_start
 110              	.LVL6:
 111              		.loc 1 109 0
ARM GAS  C:\Users\Gaetano\AppData\Local\Temp\ccXEF2wz.s 			page 3


 112 0014 0220     		movs	r0, #2
 113 0016 2070     		strb	r0, [r4, #0]
 114              	.LBB4:
 115              		.loc 1 110 0
 116 0018 0023     		movs	r3, #0
 117              	.LVL7:
 118              	@ 110 "../../os/hal/src/pwm.c" 1
 119 001a 83F31188 		msr     BASEPRI, r3
 120              	@ 0 "" 2
 121              	.LVL8:
 122              		.thumb
 123 001e 10BD     		pop	{r4, pc}
 124              	.LBE4:
 125              		.cfi_endproc
 126              	.LFE120:
 127              		.size	pwmStart, .-pwmStart
 128              		.section	.text.pwmStop,"ax",%progbits
 129              		.align	2
 130              		.p2align 4,,15
 131              		.global	pwmStop
 132              		.thumb
 133              		.thumb_func
 134              		.type	pwmStop, %function
 135              	pwmStop:
 136              	.LFB121:
 137              		.loc 1 120 0
 138              		.cfi_startproc
 139              		@ args = 0, pretend = 0, frame = 0
 140              		@ frame_needed = 0, uses_anonymous_args = 0
 141              	.LVL9:
 142 0000 10B5     		push	{r4, lr}
 143              	.LCFI1:
 144              		.cfi_def_cfa_offset 8
 145              		.cfi_offset 4, -8
 146              		.cfi_offset 14, -4
 147              	.LBB5:
 148              		.loc 1 124 0
 149 0002 2023     		movs	r3, #32
 150              	.LVL10:
 151              	.LBE5:
 152              		.loc 1 120 0
 153 0004 0446     		mov	r4, r0
 154              	.LBB6:
 155              		.loc 1 124 0
 156              	@ 124 "../../os/hal/src/pwm.c" 1
 157 0006 83F31188 		msr     BASEPRI, r3
 158              	@ 0 "" 2
 159              	.LVL11:
 160              		.thumb
 161              	.LBE6:
 162              		.loc 1 127 0
 163 000a FFF7FEFF 		bl	pwm_lld_stop
 164              	.LVL12:
 165              		.loc 1 128 0
 166 000e 0123     		movs	r3, #1
 167 0010 2370     		strb	r3, [r4, #0]
 168              	.LBB7:
ARM GAS  C:\Users\Gaetano\AppData\Local\Temp\ccXEF2wz.s 			page 4


 169              		.loc 1 129 0
 170 0012 0023     		movs	r3, #0
 171              	.LVL13:
 172              	@ 129 "../../os/hal/src/pwm.c" 1
 173 0014 83F31188 		msr     BASEPRI, r3
 174              	@ 0 "" 2
 175              	.LVL14:
 176              		.thumb
 177 0018 10BD     		pop	{r4, pc}
 178              	.LBE7:
 179              		.cfi_endproc
 180              	.LFE121:
 181              		.size	pwmStop, .-pwmStop
 182 001a 00BFAFF3 		.section	.text.pwmChangePeriod,"ax",%progbits
 182      0080
 183              		.align	2
 184              		.p2align 4,,15
 185              		.global	pwmChangePeriod
 186              		.thumb
 187              		.thumb_func
 188              		.type	pwmChangePeriod, %function
 189              	pwmChangePeriod:
 190              	.LFB122:
 191              		.loc 1 147 0
 192              		.cfi_startproc
 193              		@ args = 0, pretend = 0, frame = 0
 194              		@ frame_needed = 0, uses_anonymous_args = 0
 195              		@ link register save eliminated.
 196              	.LVL15:
 197              	.LBB8:
 198              		.loc 1 151 0
 199 0000 2023     		movs	r3, #32
 200              	.LVL16:
 201              	@ 151 "../../os/hal/src/pwm.c" 1
 202 0002 83F31188 		msr     BASEPRI, r3
 203              	@ 0 "" 2
 204              	.LVL17:
 205              		.thumb
 206              	.LBE8:
 207              		.loc 1 154 0
 208 0006 0369     		ldr	r3, [r0, #16]
 209              	.LVL18:
 210 0008 0181     		strh	r1, [r0, #8]	@ movhi
 211 000a 0139     		subs	r1, r1, #1
 212              	.LVL19:
 213 000c 88B2     		uxth	r0, r1
 214              	.LVL20:
 215 000e D862     		str	r0, [r3, #44]
 216              	.LBB9:
 217              		.loc 1 155 0
 218 0010 0023     		movs	r3, #0
 219              	.LVL21:
 220              	@ 155 "../../os/hal/src/pwm.c" 1
 221 0012 83F31188 		msr     BASEPRI, r3
 222              	@ 0 "" 2
 223              	.LVL22:
 224              		.thumb
ARM GAS  C:\Users\Gaetano\AppData\Local\Temp\ccXEF2wz.s 			page 5


 225 0016 7047     		bx	lr
 226              	.LBE9:
 227              		.cfi_endproc
 228              	.LFE122:
 229              		.size	pwmChangePeriod, .-pwmChangePeriod
 230 0018 AFF30080 		.section	.text.pwmEnableChannel,"ax",%progbits
 230      AFF30080 
 231              		.align	2
 232              		.p2align 4,,15
 233              		.global	pwmEnableChannel
 234              		.thumb
 235              		.thumb_func
 236              		.type	pwmEnableChannel, %function
 237              	pwmEnableChannel:
 238              	.LFB123:
 239              		.loc 1 174 0
 240              		.cfi_startproc
 241              		@ args = 0, pretend = 0, frame = 0
 242              		@ frame_needed = 0, uses_anonymous_args = 0
 243              	.LVL23:
 244 0000 08B5     		push	{r3, lr}
 245              	.LCFI2:
 246              		.cfi_def_cfa_offset 8
 247              		.cfi_offset 3, -8
 248              		.cfi_offset 14, -4
 249              	.LBB10:
 250              		.loc 1 179 0
 251 0002 2023     		movs	r3, #32
 252              	.LVL24:
 253              	@ 179 "../../os/hal/src/pwm.c" 1
 254 0004 83F31188 		msr     BASEPRI, r3
 255              	@ 0 "" 2
 256              	.LVL25:
 257              		.thumb
 258              	.LBE10:
 259              		.loc 1 182 0
 260 0008 FFF7FEFF 		bl	pwm_lld_enable_channel
 261              	.LVL26:
 262              	.LBB11:
 263              		.loc 1 183 0
 264 000c 0023     		movs	r3, #0
 265              	.LVL27:
 266              	@ 183 "../../os/hal/src/pwm.c" 1
 267 000e 83F31188 		msr     BASEPRI, r3
 268              	@ 0 "" 2
 269              	.LVL28:
 270              		.thumb
 271 0012 08BD     		pop	{r3, pc}
 272              	.LBE11:
 273              		.cfi_endproc
 274              	.LFE123:
 275              		.size	pwmEnableChannel, .-pwmEnableChannel
 276 0014 AFF30080 		.section	.text.pwmDisableChannel,"ax",%progbits
 276      AFF30080 
 276      AFF30080 
 277              		.align	2
 278              		.p2align 4,,15
ARM GAS  C:\Users\Gaetano\AppData\Local\Temp\ccXEF2wz.s 			page 6


 279              		.global	pwmDisableChannel
 280              		.thumb
 281              		.thumb_func
 282              		.type	pwmDisableChannel, %function
 283              	pwmDisableChannel:
 284              	.LFB124:
 285              		.loc 1 200 0
 286              		.cfi_startproc
 287              		@ args = 0, pretend = 0, frame = 0
 288              		@ frame_needed = 0, uses_anonymous_args = 0
 289              	.LVL29:
 290 0000 08B5     		push	{r3, lr}
 291              	.LCFI3:
 292              		.cfi_def_cfa_offset 8
 293              		.cfi_offset 3, -8
 294              		.cfi_offset 14, -4
 295              	.LBB12:
 296              		.loc 1 205 0
 297 0002 2023     		movs	r3, #32
 298              	.LVL30:
 299              	@ 205 "../../os/hal/src/pwm.c" 1
 300 0004 83F31188 		msr     BASEPRI, r3
 301              	@ 0 "" 2
 302              	.LVL31:
 303              		.thumb
 304              	.LBE12:
 305              		.loc 1 208 0
 306 0008 FFF7FEFF 		bl	pwm_lld_disable_channel
 307              	.LVL32:
 308              	.LBB13:
 309              		.loc 1 209 0
 310 000c 0023     		movs	r3, #0
 311              	.LVL33:
 312              	@ 209 "../../os/hal/src/pwm.c" 1
 313 000e 83F31188 		msr     BASEPRI, r3
 314              	@ 0 "" 2
 315              	.LVL34:
 316              		.thumb
 317 0012 08BD     		pop	{r3, pc}
 318              	.LBE13:
 319              		.cfi_endproc
 320              	.LFE124:
 321              		.size	pwmDisableChannel, .-pwmDisableChannel
 322 0014 AFF30080 		.text
 322      AFF30080 
 322      AFF30080 
 323              	.Letext0:
 324              		.file 2 "c:\\chibistudio\\tools\\gnu tools arm embedded\\4.7 2014q2\\bin\\../lib/gcc/arm-none-eabi
 325              		.file 3 "../../os/hal/include/pwm.h"
 326              		.file 4 "../../os/hal/platforms/STM32/TIMv1/pwm_lld.h"
 327              		.file 5 "../../os/hal/platforms/STM32/TIMv1/stm32_tim.h"
 328              		.file 6 "../../os/ports/common/ARMCMx/CMSIS/include/core_cm4.h"
 329              		.section	.debug_info,"",%progbits
 330              	.Ldebug_info0:
 331 0000 E8060000 		.4byte	0x6e8
 332 0004 0200     		.2byte	0x2
 333 0006 00000000 		.4byte	.Ldebug_abbrev0
ARM GAS  C:\Users\Gaetano\AppData\Local\Temp\ccXEF2wz.s 			page 7


 334 000a 04       		.byte	0x4
 335 000b 01       		.uleb128 0x1
 336 000c C0010000 		.4byte	.LASF60
 337 0010 01       		.byte	0x1
 338 0011 87020000 		.4byte	.LASF61
 339 0015 C3000000 		.4byte	.LASF62
 340 0019 30000000 		.4byte	.Ldebug_ranges0+0x30
 341 001d 00000000 		.4byte	0
 342 0021 00000000 		.4byte	0
 343 0025 00000000 		.4byte	.Ldebug_line0
 344 0029 02       		.uleb128 0x2
 345 002a 04       		.byte	0x4
 346 002b 05       		.byte	0x5
 347 002c 696E7400 		.ascii	"int\000"
 348 0030 03       		.uleb128 0x3
 349 0031 04       		.byte	0x4
 350 0032 07       		.byte	0x7
 351 0033 A5010000 		.4byte	.LASF0
 352 0037 03       		.uleb128 0x3
 353 0038 01       		.byte	0x1
 354 0039 06       		.byte	0x6
 355 003a 79010000 		.4byte	.LASF1
 356 003e 04       		.uleb128 0x4
 357 003f 8D000000 		.4byte	.LASF4
 358 0043 02       		.byte	0x2
 359 0044 2A       		.byte	0x2a
 360 0045 49000000 		.4byte	0x49
 361 0049 03       		.uleb128 0x3
 362 004a 01       		.byte	0x1
 363 004b 08       		.byte	0x8
 364 004c 42010000 		.4byte	.LASF2
 365 0050 03       		.uleb128 0x3
 366 0051 02       		.byte	0x2
 367 0052 05       		.byte	0x5
 368 0053 29000000 		.4byte	.LASF3
 369 0057 04       		.uleb128 0x4
 370 0058 B2010000 		.4byte	.LASF5
 371 005c 02       		.byte	0x2
 372 005d 36       		.byte	0x36
 373 005e 62000000 		.4byte	0x62
 374 0062 03       		.uleb128 0x3
 375 0063 02       		.byte	0x2
 376 0064 07       		.byte	0x7
 377 0065 0E020000 		.4byte	.LASF6
 378 0069 04       		.uleb128 0x4
 379 006a 49020000 		.4byte	.LASF7
 380 006e 02       		.byte	0x2
 381 006f 4F       		.byte	0x4f
 382 0070 74000000 		.4byte	0x74
 383 0074 03       		.uleb128 0x3
 384 0075 04       		.byte	0x4
 385 0076 05       		.byte	0x5
 386 0077 ED000000 		.4byte	.LASF8
 387 007b 04       		.uleb128 0x4
 388 007c 9C010000 		.4byte	.LASF9
 389 0080 02       		.byte	0x2
 390 0081 50       		.byte	0x50
ARM GAS  C:\Users\Gaetano\AppData\Local\Temp\ccXEF2wz.s 			page 8


 391 0082 86000000 		.4byte	0x86
 392 0086 03       		.uleb128 0x3
 393 0087 04       		.byte	0x4
 394 0088 07       		.byte	0x7
 395 0089 6F020000 		.4byte	.LASF10
 396 008d 03       		.uleb128 0x3
 397 008e 08       		.byte	0x8
 398 008f 05       		.byte	0x5
 399 0090 B5000000 		.4byte	.LASF11
 400 0094 03       		.uleb128 0x3
 401 0095 08       		.byte	0x8
 402 0096 07       		.byte	0x7
 403 0097 85010000 		.4byte	.LASF12
 404 009b 03       		.uleb128 0x3
 405 009c 01       		.byte	0x1
 406 009d 02       		.byte	0x2
 407 009e 51020000 		.4byte	.LASF13
 408 00a2 05       		.uleb128 0x5
 409 00a3 7B000000 		.4byte	0x7b
 410 00a7 03       		.uleb128 0x3
 411 00a8 04       		.byte	0x4
 412 00a9 07       		.byte	0x7
 413 00aa 3C000000 		.4byte	.LASF14
 414 00ae 03       		.uleb128 0x3
 415 00af 01       		.byte	0x1
 416 00b0 08       		.byte	0x8
 417 00b1 2E020000 		.4byte	.LASF15
 418 00b5 06       		.uleb128 0x6
 419 00b6 7B000000 		.4byte	0x7b
 420 00ba C5000000 		.4byte	0xc5
 421 00be 07       		.uleb128 0x7
 422 00bf A7000000 		.4byte	0xa7
 423 00c3 03       		.byte	0x3
 424 00c4 00       		.byte	0
 425 00c5 05       		.uleb128 0x5
 426 00c6 69000000 		.4byte	0x69
 427 00ca 08       		.uleb128 0x8
 428 00cb 01       		.byte	0x1
 429 00cc 03       		.byte	0x3
 430 00cd 55       		.byte	0x55
 431 00ce E5000000 		.4byte	0xe5
 432 00d2 09       		.uleb128 0x9
 433 00d3 37010000 		.4byte	.LASF16
 434 00d7 00       		.sleb128 0
 435 00d8 09       		.uleb128 0x9
 436 00d9 A8020000 		.4byte	.LASF17
 437 00dd 01       		.sleb128 1
 438 00de 09       		.uleb128 0x9
 439 00df 9E020000 		.4byte	.LASF18
 440 00e3 02       		.sleb128 2
 441 00e4 00       		.byte	0
 442 00e5 04       		.uleb128 0x4
 443 00e6 F0020000 		.4byte	.LASF19
 444 00ea 03       		.byte	0x3
 445 00eb 59       		.byte	0x59
 446 00ec CA000000 		.4byte	0xca
 447 00f0 04       		.uleb128 0x4
ARM GAS  C:\Users\Gaetano\AppData\Local\Temp\ccXEF2wz.s 			page 9


 448 00f1 3F020000 		.4byte	.LASF20
 449 00f5 03       		.byte	0x3
 450 00f6 5E       		.byte	0x5e
 451 00f7 FB000000 		.4byte	0xfb
 452 00fb 0A       		.uleb128 0xa
 453 00fc 3F020000 		.4byte	.LASF20
 454 0100 14       		.byte	0x14
 455 0101 04       		.byte	0x4
 456 0102 6F01     		.2byte	0x16f
 457 0104 54010000 		.4byte	0x154
 458 0108 0B       		.uleb128 0xb
 459 0109 17000000 		.4byte	.LASF21
 460 010d 04       		.byte	0x4
 461 010e 7301     		.2byte	0x173
 462 0110 E5000000 		.4byte	0xe5
 463 0114 02       		.byte	0x2
 464 0115 23       		.byte	0x23
 465 0116 00       		.uleb128 0
 466 0117 0B       		.uleb128 0xb
 467 0118 78000000 		.4byte	.LASF22
 468 011c 04       		.byte	0x4
 469 011d 7701     		.2byte	0x177
 470 011f A3030000 		.4byte	0x3a3
 471 0123 02       		.byte	0x2
 472 0124 23       		.byte	0x23
 473 0125 04       		.uleb128 0x4
 474 0126 0B       		.uleb128 0xb
 475 0127 08010000 		.4byte	.LASF23
 476 012b 04       		.byte	0x4
 477 012c 7B01     		.2byte	0x17b
 478 012e E3020000 		.4byte	0x2e3
 479 0132 02       		.byte	0x2
 480 0133 23       		.byte	0x23
 481 0134 08       		.uleb128 0x8
 482 0135 0B       		.uleb128 0xb
 483 0136 81020000 		.4byte	.LASF24
 484 013a 04       		.byte	0x4
 485 013b 8301     		.2byte	0x183
 486 013d 7B000000 		.4byte	0x7b
 487 0141 02       		.byte	0x2
 488 0142 23       		.byte	0x23
 489 0143 0C       		.uleb128 0xc
 490 0144 0C       		.uleb128 0xc
 491 0145 74696D00 		.ascii	"tim\000"
 492 0149 04       		.byte	0x4
 493 014a 8701     		.2byte	0x187
 494 014c AE030000 		.4byte	0x3ae
 495 0150 02       		.byte	0x2
 496 0151 23       		.byte	0x23
 497 0152 10       		.uleb128 0x10
 498 0153 00       		.byte	0
 499 0154 04       		.uleb128 0x4
 500 0155 FB020000 		.4byte	.LASF25
 501 0159 03       		.byte	0x3
 502 015a 65       		.byte	0x65
 503 015b 5F010000 		.4byte	0x15f
 504 015f 0D       		.uleb128 0xd
ARM GAS  C:\Users\Gaetano\AppData\Local\Temp\ccXEF2wz.s 			page 10


 505 0160 04       		.byte	0x4
 506 0161 65010000 		.4byte	0x165
 507 0165 0E       		.uleb128 0xe
 508 0166 01       		.byte	0x1
 509 0167 71010000 		.4byte	0x171
 510 016b 0F       		.uleb128 0xf
 511 016c 71010000 		.4byte	0x171
 512 0170 00       		.byte	0
 513 0171 0D       		.uleb128 0xd
 514 0172 04       		.byte	0x4
 515 0173 F0000000 		.4byte	0xf0
 516 0177 10       		.uleb128 0x10
 517 0178 60       		.byte	0x60
 518 0179 05       		.byte	0x5
 519 017a 9E01     		.2byte	0x19e
 520 017c BA020000 		.4byte	0x2ba
 521 0180 0C       		.uleb128 0xc
 522 0181 43523100 		.ascii	"CR1\000"
 523 0185 05       		.byte	0x5
 524 0186 9F01     		.2byte	0x19f
 525 0188 A2000000 		.4byte	0xa2
 526 018c 02       		.byte	0x2
 527 018d 23       		.byte	0x23
 528 018e 00       		.uleb128 0
 529 018f 0C       		.uleb128 0xc
 530 0190 43523200 		.ascii	"CR2\000"
 531 0194 05       		.byte	0x5
 532 0195 A001     		.2byte	0x1a0
 533 0197 A2000000 		.4byte	0xa2
 534 019b 02       		.byte	0x2
 535 019c 23       		.byte	0x23
 536 019d 04       		.uleb128 0x4
 537 019e 0B       		.uleb128 0xb
 538 019f 32010000 		.4byte	.LASF26
 539 01a3 05       		.byte	0x5
 540 01a4 A101     		.2byte	0x1a1
 541 01a6 A2000000 		.4byte	0xa2
 542 01aa 02       		.byte	0x2
 543 01ab 23       		.byte	0x23
 544 01ac 08       		.uleb128 0x8
 545 01ad 0B       		.uleb128 0xb
 546 01ae 09020000 		.4byte	.LASF27
 547 01b2 05       		.byte	0x5
 548 01b3 A201     		.2byte	0x1a2
 549 01b5 A2000000 		.4byte	0xa2
 550 01b9 02       		.byte	0x2
 551 01ba 23       		.byte	0x23
 552 01bb 0C       		.uleb128 0xc
 553 01bc 0C       		.uleb128 0xc
 554 01bd 535200   		.ascii	"SR\000"
 555 01c0 05       		.byte	0x5
 556 01c1 A301     		.2byte	0x1a3
 557 01c3 A2000000 		.4byte	0xa2
 558 01c7 02       		.byte	0x2
 559 01c8 23       		.byte	0x23
 560 01c9 10       		.uleb128 0x10
 561 01ca 0C       		.uleb128 0xc
ARM GAS  C:\Users\Gaetano\AppData\Local\Temp\ccXEF2wz.s 			page 11


 562 01cb 45475200 		.ascii	"EGR\000"
 563 01cf 05       		.byte	0x5
 564 01d0 A401     		.2byte	0x1a4
 565 01d2 A2000000 		.4byte	0xa2
 566 01d6 02       		.byte	0x2
 567 01d7 23       		.byte	0x23
 568 01d8 14       		.uleb128 0x14
 569 01d9 0B       		.uleb128 0xb
 570 01da 0F010000 		.4byte	.LASF28
 571 01de 05       		.byte	0x5
 572 01df A501     		.2byte	0x1a5
 573 01e1 A2000000 		.4byte	0xa2
 574 01e5 02       		.byte	0x2
 575 01e6 23       		.byte	0x23
 576 01e7 18       		.uleb128 0x18
 577 01e8 0B       		.uleb128 0xb
 578 01e9 1D000000 		.4byte	.LASF29
 579 01ed 05       		.byte	0x5
 580 01ee A601     		.2byte	0x1a6
 581 01f0 A2000000 		.4byte	0xa2
 582 01f4 02       		.byte	0x2
 583 01f5 23       		.byte	0x23
 584 01f6 1C       		.uleb128 0x1c
 585 01f7 0B       		.uleb128 0xb
 586 01f8 00000000 		.4byte	.LASF30
 587 01fc 05       		.byte	0x5
 588 01fd A701     		.2byte	0x1a7
 589 01ff A2000000 		.4byte	0xa2
 590 0203 02       		.byte	0x2
 591 0204 23       		.byte	0x23
 592 0205 20       		.uleb128 0x20
 593 0206 0C       		.uleb128 0xc
 594 0207 434E5400 		.ascii	"CNT\000"
 595 020b 05       		.byte	0x5
 596 020c A801     		.2byte	0x1a8
 597 020e A2000000 		.4byte	0xa2
 598 0212 02       		.byte	0x2
 599 0213 23       		.byte	0x23
 600 0214 24       		.uleb128 0x24
 601 0215 0C       		.uleb128 0xc
 602 0216 50534300 		.ascii	"PSC\000"
 603 021a 05       		.byte	0x5
 604 021b A901     		.2byte	0x1a9
 605 021d A2000000 		.4byte	0xa2
 606 0221 02       		.byte	0x2
 607 0222 23       		.byte	0x23
 608 0223 28       		.uleb128 0x28
 609 0224 0C       		.uleb128 0xc
 610 0225 41525200 		.ascii	"ARR\000"
 611 0229 05       		.byte	0x5
 612 022a AA01     		.2byte	0x1aa
 613 022c A2000000 		.4byte	0xa2
 614 0230 02       		.byte	0x2
 615 0231 23       		.byte	0x23
 616 0232 2C       		.uleb128 0x2c
 617 0233 0C       		.uleb128 0xc
 618 0234 52435200 		.ascii	"RCR\000"
ARM GAS  C:\Users\Gaetano\AppData\Local\Temp\ccXEF2wz.s 			page 12


 619 0238 05       		.byte	0x5
 620 0239 AB01     		.2byte	0x1ab
 621 023b A2000000 		.4byte	0xa2
 622 023f 02       		.byte	0x2
 623 0240 23       		.byte	0x23
 624 0241 30       		.uleb128 0x30
 625 0242 0C       		.uleb128 0xc
 626 0243 43435200 		.ascii	"CCR\000"
 627 0247 05       		.byte	0x5
 628 0248 AC01     		.2byte	0x1ac
 629 024a BA020000 		.4byte	0x2ba
 630 024e 02       		.byte	0x2
 631 024f 23       		.byte	0x23
 632 0250 34       		.uleb128 0x34
 633 0251 0B       		.uleb128 0xb
 634 0252 BB010000 		.4byte	.LASF31
 635 0256 05       		.byte	0x5
 636 0257 AD01     		.2byte	0x1ad
 637 0259 A2000000 		.4byte	0xa2
 638 025d 02       		.byte	0x2
 639 025e 23       		.byte	0x23
 640 025f 44       		.uleb128 0x44
 641 0260 0C       		.uleb128 0xc
 642 0261 44435200 		.ascii	"DCR\000"
 643 0265 05       		.byte	0x5
 644 0266 AE01     		.2byte	0x1ae
 645 0268 A2000000 		.4byte	0xa2
 646 026c 02       		.byte	0x2
 647 026d 23       		.byte	0x23
 648 026e 48       		.uleb128 0x48
 649 026f 0B       		.uleb128 0xb
 650 0270 12000000 		.4byte	.LASF32
 651 0274 05       		.byte	0x5
 652 0275 AF01     		.2byte	0x1af
 653 0277 A2000000 		.4byte	0xa2
 654 027b 02       		.byte	0x2
 655 027c 23       		.byte	0x23
 656 027d 4C       		.uleb128 0x4c
 657 027e 0C       		.uleb128 0xc
 658 027f 4F5200   		.ascii	"OR\000"
 659 0282 05       		.byte	0x5
 660 0283 B001     		.2byte	0x1b0
 661 0285 A2000000 		.4byte	0xa2
 662 0289 02       		.byte	0x2
 663 028a 23       		.byte	0x23
 664 028b 50       		.uleb128 0x50
 665 028c 0B       		.uleb128 0xb
 666 028d 23000000 		.4byte	.LASF33
 667 0291 05       		.byte	0x5
 668 0292 B101     		.2byte	0x1b1
 669 0294 A2000000 		.4byte	0xa2
 670 0298 02       		.byte	0x2
 671 0299 23       		.byte	0x23
 672 029a 54       		.uleb128 0x54
 673 029b 0B       		.uleb128 0xb
 674 029c FE000000 		.4byte	.LASF34
 675 02a0 05       		.byte	0x5
ARM GAS  C:\Users\Gaetano\AppData\Local\Temp\ccXEF2wz.s 			page 13


 676 02a1 B201     		.2byte	0x1b2
 677 02a3 A2000000 		.4byte	0xa2
 678 02a7 02       		.byte	0x2
 679 02a8 23       		.byte	0x23
 680 02a9 58       		.uleb128 0x58
 681 02aa 0B       		.uleb128 0xb
 682 02ab 03010000 		.4byte	.LASF35
 683 02af 05       		.byte	0x5
 684 02b0 B301     		.2byte	0x1b3
 685 02b2 A2000000 		.4byte	0xa2
 686 02b6 02       		.byte	0x2
 687 02b7 23       		.byte	0x23
 688 02b8 5C       		.uleb128 0x5c
 689 02b9 00       		.byte	0
 690 02ba 05       		.uleb128 0x5
 691 02bb B5000000 		.4byte	0xb5
 692 02bf 11       		.uleb128 0x11
 693 02c0 33020000 		.4byte	.LASF36
 694 02c4 05       		.byte	0x5
 695 02c5 B401     		.2byte	0x1b4
 696 02c7 77010000 		.4byte	0x177
 697 02cb 11       		.uleb128 0x11
 698 02cc D9020000 		.4byte	.LASF37
 699 02d0 04       		.byte	0x4
 700 02d1 2001     		.2byte	0x120
 701 02d3 7B000000 		.4byte	0x7b
 702 02d7 11       		.uleb128 0x11
 703 02d8 5D000000 		.4byte	.LASF38
 704 02dc 04       		.byte	0x4
 705 02dd 2501     		.2byte	0x125
 706 02df 3E000000 		.4byte	0x3e
 707 02e3 11       		.uleb128 0x11
 708 02e4 33000000 		.4byte	.LASF39
 709 02e8 04       		.byte	0x4
 710 02e9 2A01     		.2byte	0x12a
 711 02eb 57000000 		.4byte	0x57
 712 02ef 10       		.uleb128 0x10
 713 02f0 08       		.byte	0x8
 714 02f1 04       		.byte	0x4
 715 02f2 2F01     		.2byte	0x12f
 716 02f4 17030000 		.4byte	0x317
 717 02f8 0B       		.uleb128 0xb
 718 02f9 6A000000 		.4byte	.LASF40
 719 02fd 04       		.byte	0x4
 720 02fe 3301     		.2byte	0x133
 721 0300 CB020000 		.4byte	0x2cb
 722 0304 02       		.byte	0x2
 723 0305 23       		.byte	0x23
 724 0306 00       		.uleb128 0
 725 0307 0B       		.uleb128 0xb
 726 0308 09030000 		.4byte	.LASF41
 727 030c 04       		.byte	0x4
 728 030d 3901     		.2byte	0x139
 729 030f 54010000 		.4byte	0x154
 730 0313 02       		.byte	0x2
 731 0314 23       		.byte	0x23
 732 0315 04       		.uleb128 0x4
ARM GAS  C:\Users\Gaetano\AppData\Local\Temp\ccXEF2wz.s 			page 14


 733 0316 00       		.byte	0
 734 0317 11       		.uleb128 0x11
 735 0318 C8020000 		.4byte	.LASF42
 736 031c 04       		.byte	0x4
 737 031d 3B01     		.2byte	0x13b
 738 031f EF020000 		.4byte	0x2ef
 739 0323 10       		.uleb128 0x10
 740 0324 34       		.byte	0x34
 741 0325 04       		.byte	0x4
 742 0326 4001     		.2byte	0x140
 743 0328 87030000 		.4byte	0x387
 744 032c 0B       		.uleb128 0xb
 745 032d BE020000 		.4byte	.LASF43
 746 0331 04       		.byte	0x4
 747 0332 4601     		.2byte	0x146
 748 0334 7B000000 		.4byte	0x7b
 749 0338 02       		.byte	0x2
 750 0339 23       		.byte	0x23
 751 033a 00       		.uleb128 0
 752 033b 0B       		.uleb128 0xb
 753 033c 08010000 		.4byte	.LASF23
 754 0340 04       		.byte	0x4
 755 0341 4C01     		.2byte	0x14c
 756 0343 E3020000 		.4byte	0x2e3
 757 0347 02       		.byte	0x2
 758 0348 23       		.byte	0x23
 759 0349 04       		.uleb128 0x4
 760 034a 0B       		.uleb128 0xb
 761 034b 09030000 		.4byte	.LASF41
 762 034f 04       		.byte	0x4
 763 0350 5201     		.2byte	0x152
 764 0352 54010000 		.4byte	0x154
 765 0356 02       		.byte	0x2
 766 0357 23       		.byte	0x23
 767 0358 08       		.uleb128 0x8
 768 0359 0B       		.uleb128 0xb
 769 035a 6F000000 		.4byte	.LASF44
 770 035e 04       		.byte	0x4
 771 035f 5601     		.2byte	0x156
 772 0361 87030000 		.4byte	0x387
 773 0365 02       		.byte	0x2
 774 0366 23       		.byte	0x23
 775 0367 0C       		.uleb128 0xc
 776 0368 0C       		.uleb128 0xc
 777 0369 63723200 		.ascii	"cr2\000"
 778 036d 04       		.byte	0x4
 779 036e 5C01     		.2byte	0x15c
 780 0370 7B000000 		.4byte	0x7b
 781 0374 02       		.byte	0x2
 782 0375 23       		.byte	0x23
 783 0376 2C       		.uleb128 0x2c
 784 0377 0B       		.uleb128 0xb
 785 0378 B1020000 		.4byte	.LASF45
 786 037c 04       		.byte	0x4
 787 037d 6901     		.2byte	0x169
 788 037f 7B000000 		.4byte	0x7b
 789 0383 02       		.byte	0x2
ARM GAS  C:\Users\Gaetano\AppData\Local\Temp\ccXEF2wz.s 			page 15


 790 0384 23       		.byte	0x23
 791 0385 30       		.uleb128 0x30
 792 0386 00       		.byte	0
 793 0387 06       		.uleb128 0x6
 794 0388 17030000 		.4byte	0x317
 795 038c 97030000 		.4byte	0x397
 796 0390 07       		.uleb128 0x7
 797 0391 A7000000 		.4byte	0xa7
 798 0395 03       		.byte	0x3
 799 0396 00       		.byte	0
 800 0397 11       		.uleb128 0x11
 801 0398 23010000 		.4byte	.LASF46
 802 039c 04       		.byte	0x4
 803 039d 6A01     		.2byte	0x16a
 804 039f 23030000 		.4byte	0x323
 805 03a3 0D       		.uleb128 0xd
 806 03a4 04       		.byte	0x4
 807 03a5 A9030000 		.4byte	0x3a9
 808 03a9 12       		.uleb128 0x12
 809 03aa 97030000 		.4byte	0x397
 810 03ae 0D       		.uleb128 0xd
 811 03af 04       		.byte	0x4
 812 03b0 BF020000 		.4byte	0x2bf
 813 03b4 13       		.uleb128 0x13
 814 03b5 01       		.byte	0x1
 815 03b6 F6000000 		.4byte	.LASF47
 816 03ba 01       		.byte	0x1
 817 03bb 44       		.byte	0x44
 818 03bc 01       		.byte	0x1
 819 03bd 00000000 		.4byte	.LFB118
 820 03c1 04000000 		.4byte	.LFE118
 821 03c5 02       		.byte	0x2
 822 03c6 7D       		.byte	0x7d
 823 03c7 00       		.sleb128 0
 824 03c8 01       		.byte	0x1
 825 03c9 D8030000 		.4byte	0x3d8
 826 03cd 14       		.uleb128 0x14
 827 03ce 04000000 		.4byte	.LVL0
 828 03d2 01       		.byte	0x1
 829 03d3 81060000 		.4byte	0x681
 830 03d7 00       		.byte	0
 831 03d8 13       		.uleb128 0x13
 832 03d9 01       		.byte	0x1
 833 03da 7F000000 		.4byte	.LASF48
 834 03de 01       		.byte	0x1
 835 03df 50       		.byte	0x50
 836 03e0 01       		.byte	0x1
 837 03e1 00000000 		.4byte	.LFB119
 838 03e5 0A000000 		.4byte	.LFE119
 839 03e9 02       		.byte	0x2
 840 03ea 7D       		.byte	0x7d
 841 03eb 00       		.sleb128 0
 842 03ec 01       		.byte	0x1
 843 03ed FF030000 		.4byte	0x3ff
 844 03f1 15       		.uleb128 0x15
 845 03f2 2D010000 		.4byte	.LASF50
 846 03f6 01       		.byte	0x1
ARM GAS  C:\Users\Gaetano\AppData\Local\Temp\ccXEF2wz.s 			page 16


 847 03f7 50       		.byte	0x50
 848 03f8 71010000 		.4byte	0x171
 849 03fc 01       		.byte	0x1
 850 03fd 50       		.byte	0x50
 851 03fe 00       		.byte	0
 852 03ff 16       		.uleb128 0x16
 853 0400 01       		.byte	0x1
 854 0401 AC000000 		.4byte	.LASF49
 855 0405 01       		.byte	0x1
 856 0406 63       		.byte	0x63
 857 0407 01       		.byte	0x1
 858 0408 00000000 		.4byte	.LFB120
 859 040c 20000000 		.4byte	.LFE120
 860 0410 00000000 		.4byte	.LLST0
 861 0414 01       		.byte	0x1
 862 0415 7E040000 		.4byte	0x47e
 863 0419 17       		.uleb128 0x17
 864 041a 2D010000 		.4byte	.LASF50
 865 041e 01       		.byte	0x1
 866 041f 63       		.byte	0x63
 867 0420 71010000 		.4byte	0x171
 868 0424 20000000 		.4byte	.LLST1
 869 0428 17       		.uleb128 0x17
 870 0429 78000000 		.4byte	.LASF22
 871 042d 01       		.byte	0x1
 872 042e 63       		.byte	0x63
 873 042f A3030000 		.4byte	0x3a3
 874 0433 3E000000 		.4byte	.LLST2
 875 0437 18       		.uleb128 0x18
 876 0438 00000000 		.4byte	.Ldebug_ranges0+0
 877 043c 50040000 		.4byte	0x450
 878 0440 19       		.uleb128 0x19
 879 0441 746D7000 		.ascii	"tmp\000"
 880 0445 01       		.byte	0x1
 881 0446 67       		.byte	0x67
 882 0447 7B000000 		.4byte	0x7b
 883 044b 5F000000 		.4byte	.LLST3
 884 044f 00       		.byte	0
 885 0450 1A       		.uleb128 0x1a
 886 0451 18000000 		.4byte	.LBB4
 887 0455 20000000 		.4byte	.LBE4
 888 0459 6D040000 		.4byte	0x46d
 889 045d 19       		.uleb128 0x19
 890 045e 746D7000 		.ascii	"tmp\000"
 891 0462 01       		.byte	0x1
 892 0463 6E       		.byte	0x6e
 893 0464 7B000000 		.4byte	0x7b
 894 0468 72000000 		.4byte	.LLST4
 895 046c 00       		.byte	0
 896 046d 1B       		.uleb128 0x1b
 897 046e 14000000 		.4byte	.LVL6
 898 0472 8C060000 		.4byte	0x68c
 899 0476 1C       		.uleb128 0x1c
 900 0477 01       		.byte	0x1
 901 0478 50       		.byte	0x50
 902 0479 02       		.byte	0x2
 903 047a 74       		.byte	0x74
ARM GAS  C:\Users\Gaetano\AppData\Local\Temp\ccXEF2wz.s 			page 17


 904 047b 00       		.sleb128 0
 905 047c 00       		.byte	0
 906 047d 00       		.byte	0
 907 047e 16       		.uleb128 0x16
 908 047f 01       		.byte	0x1
 909 0480 B6020000 		.4byte	.LASF51
 910 0484 01       		.byte	0x1
 911 0485 78       		.byte	0x78
 912 0486 01       		.byte	0x1
 913 0487 00000000 		.4byte	.LFB121
 914 048b 1A000000 		.4byte	.LFE121
 915 048f 85000000 		.4byte	.LLST5
 916 0493 01       		.byte	0x1
 917 0494 EE040000 		.4byte	0x4ee
 918 0498 17       		.uleb128 0x17
 919 0499 2D010000 		.4byte	.LASF50
 920 049d 01       		.byte	0x1
 921 049e 78       		.byte	0x78
 922 049f 71010000 		.4byte	0x171
 923 04a3 A5000000 		.4byte	.LLST6
 924 04a7 18       		.uleb128 0x18
 925 04a8 18000000 		.4byte	.Ldebug_ranges0+0x18
 926 04ac C0040000 		.4byte	0x4c0
 927 04b0 19       		.uleb128 0x19
 928 04b1 746D7000 		.ascii	"tmp\000"
 929 04b5 01       		.byte	0x1
 930 04b6 7C       		.byte	0x7c
 931 04b7 7B000000 		.4byte	0x7b
 932 04bb C3000000 		.4byte	.LLST7
 933 04bf 00       		.byte	0
 934 04c0 1A       		.uleb128 0x1a
 935 04c1 12000000 		.4byte	.LBB7
 936 04c5 1A000000 		.4byte	.LBE7
 937 04c9 DD040000 		.4byte	0x4dd
 938 04cd 19       		.uleb128 0x19
 939 04ce 746D7000 		.ascii	"tmp\000"
 940 04d2 01       		.byte	0x1
 941 04d3 81       		.byte	0x81
 942 04d4 7B000000 		.4byte	0x7b
 943 04d8 D6000000 		.4byte	.LLST8
 944 04dc 00       		.byte	0
 945 04dd 1B       		.uleb128 0x1b
 946 04de 0E000000 		.4byte	.LVL12
 947 04e2 A1060000 		.4byte	0x6a1
 948 04e6 1C       		.uleb128 0x1c
 949 04e7 01       		.byte	0x1
 950 04e8 50       		.byte	0x50
 951 04e9 02       		.byte	0x2
 952 04ea 74       		.byte	0x74
 953 04eb 00       		.sleb128 0
 954 04ec 00       		.byte	0
 955 04ed 00       		.byte	0
 956 04ee 13       		.uleb128 0x13
 957 04ef 01       		.byte	0x1
 958 04f0 5F020000 		.4byte	.LASF52
 959 04f4 01       		.byte	0x1
 960 04f5 93       		.byte	0x93
ARM GAS  C:\Users\Gaetano\AppData\Local\Temp\ccXEF2wz.s 			page 18


 961 04f6 01       		.byte	0x1
 962 04f7 00000000 		.4byte	.LFB122
 963 04fb 18000000 		.4byte	.LFE122
 964 04ff 02       		.byte	0x2
 965 0500 7D       		.byte	0x7d
 966 0501 00       		.sleb128 0
 967 0502 01       		.byte	0x1
 968 0503 5C050000 		.4byte	0x55c
 969 0507 17       		.uleb128 0x17
 970 0508 2D010000 		.4byte	.LASF50
 971 050c 01       		.byte	0x1
 972 050d 93       		.byte	0x93
 973 050e 71010000 		.4byte	0x171
 974 0512 E9000000 		.4byte	.LLST9
 975 0516 17       		.uleb128 0x17
 976 0517 08010000 		.4byte	.LASF23
 977 051b 01       		.byte	0x1
 978 051c 93       		.byte	0x93
 979 051d E3020000 		.4byte	0x2e3
 980 0521 0A010000 		.4byte	.LLST10
 981 0525 1A       		.uleb128 0x1a
 982 0526 00000000 		.4byte	.LBB8
 983 052a 06000000 		.4byte	.LBE8
 984 052e 42050000 		.4byte	0x542
 985 0532 19       		.uleb128 0x19
 986 0533 746D7000 		.ascii	"tmp\000"
 987 0537 01       		.byte	0x1
 988 0538 97       		.byte	0x97
 989 0539 7B000000 		.4byte	0x7b
 990 053d 38010000 		.4byte	.LLST11
 991 0541 00       		.byte	0
 992 0542 1D       		.uleb128 0x1d
 993 0543 10000000 		.4byte	.LBB9
 994 0547 18000000 		.4byte	.LBE9
 995 054b 19       		.uleb128 0x19
 996 054c 746D7000 		.ascii	"tmp\000"
 997 0550 01       		.byte	0x1
 998 0551 9B       		.byte	0x9b
 999 0552 7B000000 		.4byte	0x7b
 1000 0556 4B010000 		.4byte	.LLST12
 1001 055a 00       		.byte	0
 1002 055b 00       		.byte	0
 1003 055c 16       		.uleb128 0x16
 1004 055d 01       		.byte	0x1
 1005 055e 95000000 		.4byte	.LASF53
 1006 0562 01       		.byte	0x1
 1007 0563 AC       		.byte	0xac
 1008 0564 01       		.byte	0x1
 1009 0565 00000000 		.4byte	.LFB123
 1010 0569 14000000 		.4byte	.LFE123
 1011 056d 5E010000 		.4byte	.LLST13
 1012 0571 01       		.byte	0x1
 1013 0572 EF050000 		.4byte	0x5ef
 1014 0576 17       		.uleb128 0x17
 1015 0577 2D010000 		.4byte	.LASF50
 1016 057b 01       		.byte	0x1
 1017 057c AC       		.byte	0xac
ARM GAS  C:\Users\Gaetano\AppData\Local\Temp\ccXEF2wz.s 			page 19


 1018 057d 71010000 		.4byte	0x171
 1019 0581 7E010000 		.4byte	.LLST14
 1020 0585 17       		.uleb128 0x17
 1021 0586 57020000 		.4byte	.LASF54
 1022 058a 01       		.byte	0x1
 1023 058b AD       		.byte	0xad
 1024 058c D7020000 		.4byte	0x2d7
 1025 0590 9F010000 		.4byte	.LLST15
 1026 0594 17       		.uleb128 0x17
 1027 0595 A6000000 		.4byte	.LASF55
 1028 0599 01       		.byte	0x1
 1029 059a AE       		.byte	0xae
 1030 059b E3020000 		.4byte	0x2e3
 1031 059f C0010000 		.4byte	.LLST16
 1032 05a3 1A       		.uleb128 0x1a
 1033 05a4 02000000 		.4byte	.LBB10
 1034 05a8 08000000 		.4byte	.LBE10
 1035 05ac C0050000 		.4byte	0x5c0
 1036 05b0 19       		.uleb128 0x19
 1037 05b1 746D7000 		.ascii	"tmp\000"
 1038 05b5 01       		.byte	0x1
 1039 05b6 B3       		.byte	0xb3
 1040 05b7 7B000000 		.4byte	0x7b
 1041 05bb E1010000 		.4byte	.LLST17
 1042 05bf 00       		.byte	0
 1043 05c0 1A       		.uleb128 0x1a
 1044 05c1 0C000000 		.4byte	.LBB11
 1045 05c5 14000000 		.4byte	.LBE11
 1046 05c9 DD050000 		.4byte	0x5dd
 1047 05cd 19       		.uleb128 0x19
 1048 05ce 746D7000 		.ascii	"tmp\000"
 1049 05d2 01       		.byte	0x1
 1050 05d3 B7       		.byte	0xb7
 1051 05d4 7B000000 		.4byte	0x7b
 1052 05d8 F4010000 		.4byte	.LLST18
 1053 05dc 00       		.byte	0
 1054 05dd 1B       		.uleb128 0x1b
 1055 05de 0C000000 		.4byte	.LVL26
 1056 05e2 B6060000 		.4byte	0x6b6
 1057 05e6 1C       		.uleb128 0x1c
 1058 05e7 01       		.byte	0x1
 1059 05e8 50       		.byte	0x50
 1060 05e9 03       		.byte	0x3
 1061 05ea F3       		.byte	0xf3
 1062 05eb 01       		.uleb128 0x1
 1063 05ec 50       		.byte	0x50
 1064 05ed 00       		.byte	0
 1065 05ee 00       		.byte	0
 1066 05ef 16       		.uleb128 0x16
 1067 05f0 01       		.byte	0x1
 1068 05f1 67010000 		.4byte	.LASF56
 1069 05f5 01       		.byte	0x1
 1070 05f6 C8       		.byte	0xc8
 1071 05f7 01       		.byte	0x1
 1072 05f8 00000000 		.4byte	.LFB124
 1073 05fc 14000000 		.4byte	.LFE124
 1074 0600 07020000 		.4byte	.LLST19
ARM GAS  C:\Users\Gaetano\AppData\Local\Temp\ccXEF2wz.s 			page 20


 1075 0604 01       		.byte	0x1
 1076 0605 73060000 		.4byte	0x673
 1077 0609 17       		.uleb128 0x17
 1078 060a 2D010000 		.4byte	.LASF50
 1079 060e 01       		.byte	0x1
 1080 060f C8       		.byte	0xc8
 1081 0610 71010000 		.4byte	0x171
 1082 0614 27020000 		.4byte	.LLST20
 1083 0618 17       		.uleb128 0x17
 1084 0619 57020000 		.4byte	.LASF54
 1085 061d 01       		.byte	0x1
 1086 061e C8       		.byte	0xc8
 1087 061f D7020000 		.4byte	0x2d7
 1088 0623 48020000 		.4byte	.LLST21
 1089 0627 1A       		.uleb128 0x1a
 1090 0628 02000000 		.4byte	.LBB12
 1091 062c 08000000 		.4byte	.LBE12
 1092 0630 44060000 		.4byte	0x644
 1093 0634 19       		.uleb128 0x19
 1094 0635 746D7000 		.ascii	"tmp\000"
 1095 0639 01       		.byte	0x1
 1096 063a CD       		.byte	0xcd
 1097 063b 7B000000 		.4byte	0x7b
 1098 063f 69020000 		.4byte	.LLST22
 1099 0643 00       		.byte	0
 1100 0644 1A       		.uleb128 0x1a
 1101 0645 0C000000 		.4byte	.LBB13
 1102 0649 14000000 		.4byte	.LBE13
 1103 064d 61060000 		.4byte	0x661
 1104 0651 19       		.uleb128 0x19
 1105 0652 746D7000 		.ascii	"tmp\000"
 1106 0656 01       		.byte	0x1
 1107 0657 D1       		.byte	0xd1
 1108 0658 7B000000 		.4byte	0x7b
 1109 065c 7C020000 		.4byte	.LLST23
 1110 0660 00       		.byte	0
 1111 0661 1B       		.uleb128 0x1b
 1112 0662 0C000000 		.4byte	.LVL32
 1113 0666 D5060000 		.4byte	0x6d5
 1114 066a 1C       		.uleb128 0x1c
 1115 066b 01       		.byte	0x1
 1116 066c 50       		.byte	0x50
 1117 066d 03       		.byte	0x3
 1118 066e F3       		.byte	0xf3
 1119 066f 01       		.uleb128 0x1
 1120 0670 50       		.byte	0x50
 1121 0671 00       		.byte	0
 1122 0672 00       		.byte	0
 1123 0673 1E       		.uleb128 0x1e
 1124 0674 E3020000 		.4byte	.LASF63
 1125 0678 06       		.byte	0x6
 1126 0679 9806     		.2byte	0x698
 1127 067b C5000000 		.4byte	0xc5
 1128 067f 01       		.byte	0x1
 1129 0680 01       		.byte	0x1
 1130 0681 1F       		.uleb128 0x1f
 1131 0682 01       		.byte	0x1
ARM GAS  C:\Users\Gaetano\AppData\Local\Temp\ccXEF2wz.s 			page 21


 1132 0683 21020000 		.4byte	.LASF64
 1133 0687 04       		.byte	0x4
 1134 0688 D101     		.2byte	0x1d1
 1135 068a 01       		.byte	0x1
 1136 068b 01       		.byte	0x1
 1137 068c 20       		.uleb128 0x20
 1138 068d 01       		.byte	0x1
 1139 068e 15010000 		.4byte	.LASF57
 1140 0692 04       		.byte	0x4
 1141 0693 D201     		.2byte	0x1d2
 1142 0695 01       		.byte	0x1
 1143 0696 01       		.byte	0x1
 1144 0697 A1060000 		.4byte	0x6a1
 1145 069b 0F       		.uleb128 0xf
 1146 069c 71010000 		.4byte	0x171
 1147 06a0 00       		.byte	0
 1148 06a1 20       		.uleb128 0x20
 1149 06a2 01       		.byte	0x1
 1150 06a3 05000000 		.4byte	.LASF58
 1151 06a7 04       		.byte	0x4
 1152 06a8 D301     		.2byte	0x1d3
 1153 06aa 01       		.byte	0x1
 1154 06ab 01       		.byte	0x1
 1155 06ac B6060000 		.4byte	0x6b6
 1156 06b0 0F       		.uleb128 0xf
 1157 06b1 71010000 		.4byte	0x171
 1158 06b5 00       		.byte	0
 1159 06b6 20       		.uleb128 0x20
 1160 06b7 01       		.byte	0x1
 1161 06b8 50010000 		.4byte	.LASF59
 1162 06bc 04       		.byte	0x4
 1163 06bd D401     		.2byte	0x1d4
 1164 06bf 01       		.byte	0x1
 1165 06c0 01       		.byte	0x1
 1166 06c1 D5060000 		.4byte	0x6d5
 1167 06c5 0F       		.uleb128 0xf
 1168 06c6 71010000 		.4byte	0x171
 1169 06ca 0F       		.uleb128 0xf
 1170 06cb D7020000 		.4byte	0x2d7
 1171 06cf 0F       		.uleb128 0xf
 1172 06d0 E3020000 		.4byte	0x2e3
 1173 06d4 00       		.byte	0
 1174 06d5 21       		.uleb128 0x21
 1175 06d6 01       		.byte	0x1
 1176 06d7 45000000 		.4byte	.LASF65
 1177 06db 04       		.byte	0x4
 1178 06dc D701     		.2byte	0x1d7
 1179 06de 01       		.byte	0x1
 1180 06df 01       		.byte	0x1
 1181 06e0 0F       		.uleb128 0xf
 1182 06e1 71010000 		.4byte	0x171
 1183 06e5 0F       		.uleb128 0xf
 1184 06e6 D7020000 		.4byte	0x2d7
 1185 06ea 00       		.byte	0
 1186 06eb 00       		.byte	0
 1187              		.section	.debug_abbrev,"",%progbits
 1188              	.Ldebug_abbrev0:
ARM GAS  C:\Users\Gaetano\AppData\Local\Temp\ccXEF2wz.s 			page 22


 1189 0000 01       		.uleb128 0x1
 1190 0001 11       		.uleb128 0x11
 1191 0002 01       		.byte	0x1
 1192 0003 25       		.uleb128 0x25
 1193 0004 0E       		.uleb128 0xe
 1194 0005 13       		.uleb128 0x13
 1195 0006 0B       		.uleb128 0xb
 1196 0007 03       		.uleb128 0x3
 1197 0008 0E       		.uleb128 0xe
 1198 0009 1B       		.uleb128 0x1b
 1199 000a 0E       		.uleb128 0xe
 1200 000b 55       		.uleb128 0x55
 1201 000c 06       		.uleb128 0x6
 1202 000d 11       		.uleb128 0x11
 1203 000e 01       		.uleb128 0x1
 1204 000f 52       		.uleb128 0x52
 1205 0010 01       		.uleb128 0x1
 1206 0011 10       		.uleb128 0x10
 1207 0012 06       		.uleb128 0x6
 1208 0013 00       		.byte	0
 1209 0014 00       		.byte	0
 1210 0015 02       		.uleb128 0x2
 1211 0016 24       		.uleb128 0x24
 1212 0017 00       		.byte	0
 1213 0018 0B       		.uleb128 0xb
 1214 0019 0B       		.uleb128 0xb
 1215 001a 3E       		.uleb128 0x3e
 1216 001b 0B       		.uleb128 0xb
 1217 001c 03       		.uleb128 0x3
 1218 001d 08       		.uleb128 0x8
 1219 001e 00       		.byte	0
 1220 001f 00       		.byte	0
 1221 0020 03       		.uleb128 0x3
 1222 0021 24       		.uleb128 0x24
 1223 0022 00       		.byte	0
 1224 0023 0B       		.uleb128 0xb
 1225 0024 0B       		.uleb128 0xb
 1226 0025 3E       		.uleb128 0x3e
 1227 0026 0B       		.uleb128 0xb
 1228 0027 03       		.uleb128 0x3
 1229 0028 0E       		.uleb128 0xe
 1230 0029 00       		.byte	0
 1231 002a 00       		.byte	0
 1232 002b 04       		.uleb128 0x4
 1233 002c 16       		.uleb128 0x16
 1234 002d 00       		.byte	0
 1235 002e 03       		.uleb128 0x3
 1236 002f 0E       		.uleb128 0xe
 1237 0030 3A       		.uleb128 0x3a
 1238 0031 0B       		.uleb128 0xb
 1239 0032 3B       		.uleb128 0x3b
 1240 0033 0B       		.uleb128 0xb
 1241 0034 49       		.uleb128 0x49
 1242 0035 13       		.uleb128 0x13
 1243 0036 00       		.byte	0
 1244 0037 00       		.byte	0
 1245 0038 05       		.uleb128 0x5
ARM GAS  C:\Users\Gaetano\AppData\Local\Temp\ccXEF2wz.s 			page 23


 1246 0039 35       		.uleb128 0x35
 1247 003a 00       		.byte	0
 1248 003b 49       		.uleb128 0x49
 1249 003c 13       		.uleb128 0x13
 1250 003d 00       		.byte	0
 1251 003e 00       		.byte	0
 1252 003f 06       		.uleb128 0x6
 1253 0040 01       		.uleb128 0x1
 1254 0041 01       		.byte	0x1
 1255 0042 49       		.uleb128 0x49
 1256 0043 13       		.uleb128 0x13
 1257 0044 01       		.uleb128 0x1
 1258 0045 13       		.uleb128 0x13
 1259 0046 00       		.byte	0
 1260 0047 00       		.byte	0
 1261 0048 07       		.uleb128 0x7
 1262 0049 21       		.uleb128 0x21
 1263 004a 00       		.byte	0
 1264 004b 49       		.uleb128 0x49
 1265 004c 13       		.uleb128 0x13
 1266 004d 2F       		.uleb128 0x2f
 1267 004e 0B       		.uleb128 0xb
 1268 004f 00       		.byte	0
 1269 0050 00       		.byte	0
 1270 0051 08       		.uleb128 0x8
 1271 0052 04       		.uleb128 0x4
 1272 0053 01       		.byte	0x1
 1273 0054 0B       		.uleb128 0xb
 1274 0055 0B       		.uleb128 0xb
 1275 0056 3A       		.uleb128 0x3a
 1276 0057 0B       		.uleb128 0xb
 1277 0058 3B       		.uleb128 0x3b
 1278 0059 0B       		.uleb128 0xb
 1279 005a 01       		.uleb128 0x1
 1280 005b 13       		.uleb128 0x13
 1281 005c 00       		.byte	0
 1282 005d 00       		.byte	0
 1283 005e 09       		.uleb128 0x9
 1284 005f 28       		.uleb128 0x28
 1285 0060 00       		.byte	0
 1286 0061 03       		.uleb128 0x3
 1287 0062 0E       		.uleb128 0xe
 1288 0063 1C       		.uleb128 0x1c
 1289 0064 0D       		.uleb128 0xd
 1290 0065 00       		.byte	0
 1291 0066 00       		.byte	0
 1292 0067 0A       		.uleb128 0xa
 1293 0068 13       		.uleb128 0x13
 1294 0069 01       		.byte	0x1
 1295 006a 03       		.uleb128 0x3
 1296 006b 0E       		.uleb128 0xe
 1297 006c 0B       		.uleb128 0xb
 1298 006d 0B       		.uleb128 0xb
 1299 006e 3A       		.uleb128 0x3a
 1300 006f 0B       		.uleb128 0xb
 1301 0070 3B       		.uleb128 0x3b
 1302 0071 05       		.uleb128 0x5
ARM GAS  C:\Users\Gaetano\AppData\Local\Temp\ccXEF2wz.s 			page 24


 1303 0072 01       		.uleb128 0x1
 1304 0073 13       		.uleb128 0x13
 1305 0074 00       		.byte	0
 1306 0075 00       		.byte	0
 1307 0076 0B       		.uleb128 0xb
 1308 0077 0D       		.uleb128 0xd
 1309 0078 00       		.byte	0
 1310 0079 03       		.uleb128 0x3
 1311 007a 0E       		.uleb128 0xe
 1312 007b 3A       		.uleb128 0x3a
 1313 007c 0B       		.uleb128 0xb
 1314 007d 3B       		.uleb128 0x3b
 1315 007e 05       		.uleb128 0x5
 1316 007f 49       		.uleb128 0x49
 1317 0080 13       		.uleb128 0x13
 1318 0081 38       		.uleb128 0x38
 1319 0082 0A       		.uleb128 0xa
 1320 0083 00       		.byte	0
 1321 0084 00       		.byte	0
 1322 0085 0C       		.uleb128 0xc
 1323 0086 0D       		.uleb128 0xd
 1324 0087 00       		.byte	0
 1325 0088 03       		.uleb128 0x3
 1326 0089 08       		.uleb128 0x8
 1327 008a 3A       		.uleb128 0x3a
 1328 008b 0B       		.uleb128 0xb
 1329 008c 3B       		.uleb128 0x3b
 1330 008d 05       		.uleb128 0x5
 1331 008e 49       		.uleb128 0x49
 1332 008f 13       		.uleb128 0x13
 1333 0090 38       		.uleb128 0x38
 1334 0091 0A       		.uleb128 0xa
 1335 0092 00       		.byte	0
 1336 0093 00       		.byte	0
 1337 0094 0D       		.uleb128 0xd
 1338 0095 0F       		.uleb128 0xf
 1339 0096 00       		.byte	0
 1340 0097 0B       		.uleb128 0xb
 1341 0098 0B       		.uleb128 0xb
 1342 0099 49       		.uleb128 0x49
 1343 009a 13       		.uleb128 0x13
 1344 009b 00       		.byte	0
 1345 009c 00       		.byte	0
 1346 009d 0E       		.uleb128 0xe
 1347 009e 15       		.uleb128 0x15
 1348 009f 01       		.byte	0x1
 1349 00a0 27       		.uleb128 0x27
 1350 00a1 0C       		.uleb128 0xc
 1351 00a2 01       		.uleb128 0x1
 1352 00a3 13       		.uleb128 0x13
 1353 00a4 00       		.byte	0
 1354 00a5 00       		.byte	0
 1355 00a6 0F       		.uleb128 0xf
 1356 00a7 05       		.uleb128 0x5
 1357 00a8 00       		.byte	0
 1358 00a9 49       		.uleb128 0x49
 1359 00aa 13       		.uleb128 0x13
ARM GAS  C:\Users\Gaetano\AppData\Local\Temp\ccXEF2wz.s 			page 25


 1360 00ab 00       		.byte	0
 1361 00ac 00       		.byte	0
 1362 00ad 10       		.uleb128 0x10
 1363 00ae 13       		.uleb128 0x13
 1364 00af 01       		.byte	0x1
 1365 00b0 0B       		.uleb128 0xb
 1366 00b1 0B       		.uleb128 0xb
 1367 00b2 3A       		.uleb128 0x3a
 1368 00b3 0B       		.uleb128 0xb
 1369 00b4 3B       		.uleb128 0x3b
 1370 00b5 05       		.uleb128 0x5
 1371 00b6 01       		.uleb128 0x1
 1372 00b7 13       		.uleb128 0x13
 1373 00b8 00       		.byte	0
 1374 00b9 00       		.byte	0
 1375 00ba 11       		.uleb128 0x11
 1376 00bb 16       		.uleb128 0x16
 1377 00bc 00       		.byte	0
 1378 00bd 03       		.uleb128 0x3
 1379 00be 0E       		.uleb128 0xe
 1380 00bf 3A       		.uleb128 0x3a
 1381 00c0 0B       		.uleb128 0xb
 1382 00c1 3B       		.uleb128 0x3b
 1383 00c2 05       		.uleb128 0x5
 1384 00c3 49       		.uleb128 0x49
 1385 00c4 13       		.uleb128 0x13
 1386 00c5 00       		.byte	0
 1387 00c6 00       		.byte	0
 1388 00c7 12       		.uleb128 0x12
 1389 00c8 26       		.uleb128 0x26
 1390 00c9 00       		.byte	0
 1391 00ca 49       		.uleb128 0x49
 1392 00cb 13       		.uleb128 0x13
 1393 00cc 00       		.byte	0
 1394 00cd 00       		.byte	0
 1395 00ce 13       		.uleb128 0x13
 1396 00cf 2E       		.uleb128 0x2e
 1397 00d0 01       		.byte	0x1
 1398 00d1 3F       		.uleb128 0x3f
 1399 00d2 0C       		.uleb128 0xc
 1400 00d3 03       		.uleb128 0x3
 1401 00d4 0E       		.uleb128 0xe
 1402 00d5 3A       		.uleb128 0x3a
 1403 00d6 0B       		.uleb128 0xb
 1404 00d7 3B       		.uleb128 0x3b
 1405 00d8 0B       		.uleb128 0xb
 1406 00d9 27       		.uleb128 0x27
 1407 00da 0C       		.uleb128 0xc
 1408 00db 11       		.uleb128 0x11
 1409 00dc 01       		.uleb128 0x1
 1410 00dd 12       		.uleb128 0x12
 1411 00de 01       		.uleb128 0x1
 1412 00df 40       		.uleb128 0x40
 1413 00e0 0A       		.uleb128 0xa
 1414 00e1 9742     		.uleb128 0x2117
 1415 00e3 0C       		.uleb128 0xc
 1416 00e4 01       		.uleb128 0x1
ARM GAS  C:\Users\Gaetano\AppData\Local\Temp\ccXEF2wz.s 			page 26


 1417 00e5 13       		.uleb128 0x13
 1418 00e6 00       		.byte	0
 1419 00e7 00       		.byte	0
 1420 00e8 14       		.uleb128 0x14
 1421 00e9 898201   		.uleb128 0x4109
 1422 00ec 00       		.byte	0
 1423 00ed 11       		.uleb128 0x11
 1424 00ee 01       		.uleb128 0x1
 1425 00ef 9542     		.uleb128 0x2115
 1426 00f1 0C       		.uleb128 0xc
 1427 00f2 31       		.uleb128 0x31
 1428 00f3 13       		.uleb128 0x13
 1429 00f4 00       		.byte	0
 1430 00f5 00       		.byte	0
 1431 00f6 15       		.uleb128 0x15
 1432 00f7 05       		.uleb128 0x5
 1433 00f8 00       		.byte	0
 1434 00f9 03       		.uleb128 0x3
 1435 00fa 0E       		.uleb128 0xe
 1436 00fb 3A       		.uleb128 0x3a
 1437 00fc 0B       		.uleb128 0xb
 1438 00fd 3B       		.uleb128 0x3b
 1439 00fe 0B       		.uleb128 0xb
 1440 00ff 49       		.uleb128 0x49
 1441 0100 13       		.uleb128 0x13
 1442 0101 02       		.uleb128 0x2
 1443 0102 0A       		.uleb128 0xa
 1444 0103 00       		.byte	0
 1445 0104 00       		.byte	0
 1446 0105 16       		.uleb128 0x16
 1447 0106 2E       		.uleb128 0x2e
 1448 0107 01       		.byte	0x1
 1449 0108 3F       		.uleb128 0x3f
 1450 0109 0C       		.uleb128 0xc
 1451 010a 03       		.uleb128 0x3
 1452 010b 0E       		.uleb128 0xe
 1453 010c 3A       		.uleb128 0x3a
 1454 010d 0B       		.uleb128 0xb
 1455 010e 3B       		.uleb128 0x3b
 1456 010f 0B       		.uleb128 0xb
 1457 0110 27       		.uleb128 0x27
 1458 0111 0C       		.uleb128 0xc
 1459 0112 11       		.uleb128 0x11
 1460 0113 01       		.uleb128 0x1
 1461 0114 12       		.uleb128 0x12
 1462 0115 01       		.uleb128 0x1
 1463 0116 40       		.uleb128 0x40
 1464 0117 06       		.uleb128 0x6
 1465 0118 9742     		.uleb128 0x2117
 1466 011a 0C       		.uleb128 0xc
 1467 011b 01       		.uleb128 0x1
 1468 011c 13       		.uleb128 0x13
 1469 011d 00       		.byte	0
 1470 011e 00       		.byte	0
 1471 011f 17       		.uleb128 0x17
 1472 0120 05       		.uleb128 0x5
 1473 0121 00       		.byte	0
ARM GAS  C:\Users\Gaetano\AppData\Local\Temp\ccXEF2wz.s 			page 27


 1474 0122 03       		.uleb128 0x3
 1475 0123 0E       		.uleb128 0xe
 1476 0124 3A       		.uleb128 0x3a
 1477 0125 0B       		.uleb128 0xb
 1478 0126 3B       		.uleb128 0x3b
 1479 0127 0B       		.uleb128 0xb
 1480 0128 49       		.uleb128 0x49
 1481 0129 13       		.uleb128 0x13
 1482 012a 02       		.uleb128 0x2
 1483 012b 06       		.uleb128 0x6
 1484 012c 00       		.byte	0
 1485 012d 00       		.byte	0
 1486 012e 18       		.uleb128 0x18
 1487 012f 0B       		.uleb128 0xb
 1488 0130 01       		.byte	0x1
 1489 0131 55       		.uleb128 0x55
 1490 0132 06       		.uleb128 0x6
 1491 0133 01       		.uleb128 0x1
 1492 0134 13       		.uleb128 0x13
 1493 0135 00       		.byte	0
 1494 0136 00       		.byte	0
 1495 0137 19       		.uleb128 0x19
 1496 0138 34       		.uleb128 0x34
 1497 0139 00       		.byte	0
 1498 013a 03       		.uleb128 0x3
 1499 013b 08       		.uleb128 0x8
 1500 013c 3A       		.uleb128 0x3a
 1501 013d 0B       		.uleb128 0xb
 1502 013e 3B       		.uleb128 0x3b
 1503 013f 0B       		.uleb128 0xb
 1504 0140 49       		.uleb128 0x49
 1505 0141 13       		.uleb128 0x13
 1506 0142 02       		.uleb128 0x2
 1507 0143 06       		.uleb128 0x6
 1508 0144 00       		.byte	0
 1509 0145 00       		.byte	0
 1510 0146 1A       		.uleb128 0x1a
 1511 0147 0B       		.uleb128 0xb
 1512 0148 01       		.byte	0x1
 1513 0149 11       		.uleb128 0x11
 1514 014a 01       		.uleb128 0x1
 1515 014b 12       		.uleb128 0x12
 1516 014c 01       		.uleb128 0x1
 1517 014d 01       		.uleb128 0x1
 1518 014e 13       		.uleb128 0x13
 1519 014f 00       		.byte	0
 1520 0150 00       		.byte	0
 1521 0151 1B       		.uleb128 0x1b
 1522 0152 898201   		.uleb128 0x4109
 1523 0155 01       		.byte	0x1
 1524 0156 11       		.uleb128 0x11
 1525 0157 01       		.uleb128 0x1
 1526 0158 31       		.uleb128 0x31
 1527 0159 13       		.uleb128 0x13
 1528 015a 00       		.byte	0
 1529 015b 00       		.byte	0
 1530 015c 1C       		.uleb128 0x1c
ARM GAS  C:\Users\Gaetano\AppData\Local\Temp\ccXEF2wz.s 			page 28


 1531 015d 8A8201   		.uleb128 0x410a
 1532 0160 00       		.byte	0
 1533 0161 02       		.uleb128 0x2
 1534 0162 0A       		.uleb128 0xa
 1535 0163 9142     		.uleb128 0x2111
 1536 0165 0A       		.uleb128 0xa
 1537 0166 00       		.byte	0
 1538 0167 00       		.byte	0
 1539 0168 1D       		.uleb128 0x1d
 1540 0169 0B       		.uleb128 0xb
 1541 016a 01       		.byte	0x1
 1542 016b 11       		.uleb128 0x11
 1543 016c 01       		.uleb128 0x1
 1544 016d 12       		.uleb128 0x12
 1545 016e 01       		.uleb128 0x1
 1546 016f 00       		.byte	0
 1547 0170 00       		.byte	0
 1548 0171 1E       		.uleb128 0x1e
 1549 0172 34       		.uleb128 0x34
 1550 0173 00       		.byte	0
 1551 0174 03       		.uleb128 0x3
 1552 0175 0E       		.uleb128 0xe
 1553 0176 3A       		.uleb128 0x3a
 1554 0177 0B       		.uleb128 0xb
 1555 0178 3B       		.uleb128 0x3b
 1556 0179 05       		.uleb128 0x5
 1557 017a 49       		.uleb128 0x49
 1558 017b 13       		.uleb128 0x13
 1559 017c 3F       		.uleb128 0x3f
 1560 017d 0C       		.uleb128 0xc
 1561 017e 3C       		.uleb128 0x3c
 1562 017f 0C       		.uleb128 0xc
 1563 0180 00       		.byte	0
 1564 0181 00       		.byte	0
 1565 0182 1F       		.uleb128 0x1f
 1566 0183 2E       		.uleb128 0x2e
 1567 0184 00       		.byte	0
 1568 0185 3F       		.uleb128 0x3f
 1569 0186 0C       		.uleb128 0xc
 1570 0187 03       		.uleb128 0x3
 1571 0188 0E       		.uleb128 0xe
 1572 0189 3A       		.uleb128 0x3a
 1573 018a 0B       		.uleb128 0xb
 1574 018b 3B       		.uleb128 0x3b
 1575 018c 05       		.uleb128 0x5
 1576 018d 27       		.uleb128 0x27
 1577 018e 0C       		.uleb128 0xc
 1578 018f 3C       		.uleb128 0x3c
 1579 0190 0C       		.uleb128 0xc
 1580 0191 00       		.byte	0
 1581 0192 00       		.byte	0
 1582 0193 20       		.uleb128 0x20
 1583 0194 2E       		.uleb128 0x2e
 1584 0195 01       		.byte	0x1
 1585 0196 3F       		.uleb128 0x3f
 1586 0197 0C       		.uleb128 0xc
 1587 0198 03       		.uleb128 0x3
ARM GAS  C:\Users\Gaetano\AppData\Local\Temp\ccXEF2wz.s 			page 29


 1588 0199 0E       		.uleb128 0xe
 1589 019a 3A       		.uleb128 0x3a
 1590 019b 0B       		.uleb128 0xb
 1591 019c 3B       		.uleb128 0x3b
 1592 019d 05       		.uleb128 0x5
 1593 019e 27       		.uleb128 0x27
 1594 019f 0C       		.uleb128 0xc
 1595 01a0 3C       		.uleb128 0x3c
 1596 01a1 0C       		.uleb128 0xc
 1597 01a2 01       		.uleb128 0x1
 1598 01a3 13       		.uleb128 0x13
 1599 01a4 00       		.byte	0
 1600 01a5 00       		.byte	0
 1601 01a6 21       		.uleb128 0x21
 1602 01a7 2E       		.uleb128 0x2e
 1603 01a8 01       		.byte	0x1
 1604 01a9 3F       		.uleb128 0x3f
 1605 01aa 0C       		.uleb128 0xc
 1606 01ab 03       		.uleb128 0x3
 1607 01ac 0E       		.uleb128 0xe
 1608 01ad 3A       		.uleb128 0x3a
 1609 01ae 0B       		.uleb128 0xb
 1610 01af 3B       		.uleb128 0x3b
 1611 01b0 05       		.uleb128 0x5
 1612 01b1 27       		.uleb128 0x27
 1613 01b2 0C       		.uleb128 0xc
 1614 01b3 3C       		.uleb128 0x3c
 1615 01b4 0C       		.uleb128 0xc
 1616 01b5 00       		.byte	0
 1617 01b6 00       		.byte	0
 1618 01b7 00       		.byte	0
 1619              		.section	.debug_loc,"",%progbits
 1620              	.Ldebug_loc0:
 1621              	.LLST0:
 1622 0000 00000000 		.4byte	.LFB120
 1623 0004 02000000 		.4byte	.LCFI0
 1624 0008 0200     		.2byte	0x2
 1625 000a 7D       		.byte	0x7d
 1626 000b 00       		.sleb128 0
 1627 000c 02000000 		.4byte	.LCFI0
 1628 0010 20000000 		.4byte	.LFE120
 1629 0014 0200     		.2byte	0x2
 1630 0016 7D       		.byte	0x7d
 1631 0017 08       		.sleb128 8
 1632 0018 00000000 		.4byte	0
 1633 001c 00000000 		.4byte	0
 1634              	.LLST1:
 1635 0020 00000000 		.4byte	.LVL2
 1636 0024 13000000 		.4byte	.LVL6-1
 1637 0028 0100     		.2byte	0x1
 1638 002a 50       		.byte	0x50
 1639 002b 13000000 		.4byte	.LVL6-1
 1640 002f 20000000 		.4byte	.LFE120
 1641 0033 0100     		.2byte	0x1
 1642 0035 54       		.byte	0x54
 1643 0036 00000000 		.4byte	0
 1644 003a 00000000 		.4byte	0
ARM GAS  C:\Users\Gaetano\AppData\Local\Temp\ccXEF2wz.s 			page 30


 1645              	.LLST2:
 1646 003e 00000000 		.4byte	.LVL2
 1647 0042 13000000 		.4byte	.LVL6-1
 1648 0046 0100     		.2byte	0x1
 1649 0048 51       		.byte	0x51
 1650 0049 13000000 		.4byte	.LVL6-1
 1651 004d 20000000 		.4byte	.LFE120
 1652 0051 0400     		.2byte	0x4
 1653 0053 F3       		.byte	0xf3
 1654 0054 01       		.uleb128 0x1
 1655 0055 51       		.byte	0x51
 1656 0056 9F       		.byte	0x9f
 1657 0057 00000000 		.4byte	0
 1658 005b 00000000 		.4byte	0
 1659              	.LLST3:
 1660 005f 0A000000 		.4byte	.LVL4
 1661 0063 0C000000 		.4byte	.LVL5
 1662 0067 0100     		.2byte	0x1
 1663 0069 53       		.byte	0x53
 1664 006a 00000000 		.4byte	0
 1665 006e 00000000 		.4byte	0
 1666              	.LLST4:
 1667 0072 1E000000 		.4byte	.LVL8
 1668 0076 20000000 		.4byte	.LFE120
 1669 007a 0100     		.2byte	0x1
 1670 007c 53       		.byte	0x53
 1671 007d 00000000 		.4byte	0
 1672 0081 00000000 		.4byte	0
 1673              	.LLST5:
 1674 0085 00000000 		.4byte	.LFB121
 1675 0089 02000000 		.4byte	.LCFI1
 1676 008d 0200     		.2byte	0x2
 1677 008f 7D       		.byte	0x7d
 1678 0090 00       		.sleb128 0
 1679 0091 02000000 		.4byte	.LCFI1
 1680 0095 1A000000 		.4byte	.LFE121
 1681 0099 0200     		.2byte	0x2
 1682 009b 7D       		.byte	0x7d
 1683 009c 08       		.sleb128 8
 1684 009d 00000000 		.4byte	0
 1685 00a1 00000000 		.4byte	0
 1686              	.LLST6:
 1687 00a5 00000000 		.4byte	.LVL9
 1688 00a9 0D000000 		.4byte	.LVL12-1
 1689 00ad 0100     		.2byte	0x1
 1690 00af 50       		.byte	0x50
 1691 00b0 0D000000 		.4byte	.LVL12-1
 1692 00b4 1A000000 		.4byte	.LFE121
 1693 00b8 0100     		.2byte	0x1
 1694 00ba 54       		.byte	0x54
 1695 00bb 00000000 		.4byte	0
 1696 00bf 00000000 		.4byte	0
 1697              	.LLST7:
 1698 00c3 0A000000 		.4byte	.LVL11
 1699 00c7 0D000000 		.4byte	.LVL12-1
 1700 00cb 0100     		.2byte	0x1
 1701 00cd 53       		.byte	0x53
ARM GAS  C:\Users\Gaetano\AppData\Local\Temp\ccXEF2wz.s 			page 31


 1702 00ce 00000000 		.4byte	0
 1703 00d2 00000000 		.4byte	0
 1704              	.LLST8:
 1705 00d6 18000000 		.4byte	.LVL14
 1706 00da 1A000000 		.4byte	.LFE121
 1707 00de 0100     		.2byte	0x1
 1708 00e0 53       		.byte	0x53
 1709 00e1 00000000 		.4byte	0
 1710 00e5 00000000 		.4byte	0
 1711              	.LLST9:
 1712 00e9 00000000 		.4byte	.LVL15
 1713 00ed 0E000000 		.4byte	.LVL20
 1714 00f1 0100     		.2byte	0x1
 1715 00f3 50       		.byte	0x50
 1716 00f4 0E000000 		.4byte	.LVL20
 1717 00f8 18000000 		.4byte	.LFE122
 1718 00fc 0400     		.2byte	0x4
 1719 00fe F3       		.byte	0xf3
 1720 00ff 01       		.uleb128 0x1
 1721 0100 50       		.byte	0x50
 1722 0101 9F       		.byte	0x9f
 1723 0102 00000000 		.4byte	0
 1724 0106 00000000 		.4byte	0
 1725              	.LLST10:
 1726 010a 00000000 		.4byte	.LVL15
 1727 010e 0C000000 		.4byte	.LVL19
 1728 0112 0100     		.2byte	0x1
 1729 0114 51       		.byte	0x51
 1730 0115 0C000000 		.4byte	.LVL19
 1731 0119 0E000000 		.4byte	.LVL20
 1732 011d 0200     		.2byte	0x2
 1733 011f 70       		.byte	0x70
 1734 0120 08       		.sleb128 8
 1735 0121 0E000000 		.4byte	.LVL20
 1736 0125 18000000 		.4byte	.LFE122
 1737 0129 0500     		.2byte	0x5
 1738 012b F3       		.byte	0xf3
 1739 012c 01       		.uleb128 0x1
 1740 012d 50       		.byte	0x50
 1741 012e 23       		.byte	0x23
 1742 012f 08       		.uleb128 0x8
 1743 0130 00000000 		.4byte	0
 1744 0134 00000000 		.4byte	0
 1745              	.LLST11:
 1746 0138 06000000 		.4byte	.LVL17
 1747 013c 08000000 		.4byte	.LVL18
 1748 0140 0100     		.2byte	0x1
 1749 0142 53       		.byte	0x53
 1750 0143 00000000 		.4byte	0
 1751 0147 00000000 		.4byte	0
 1752              	.LLST12:
 1753 014b 16000000 		.4byte	.LVL22
 1754 014f 18000000 		.4byte	.LFE122
 1755 0153 0100     		.2byte	0x1
 1756 0155 53       		.byte	0x53
 1757 0156 00000000 		.4byte	0
 1758 015a 00000000 		.4byte	0
ARM GAS  C:\Users\Gaetano\AppData\Local\Temp\ccXEF2wz.s 			page 32


 1759              	.LLST13:
 1760 015e 00000000 		.4byte	.LFB123
 1761 0162 02000000 		.4byte	.LCFI2
 1762 0166 0200     		.2byte	0x2
 1763 0168 7D       		.byte	0x7d
 1764 0169 00       		.sleb128 0
 1765 016a 02000000 		.4byte	.LCFI2
 1766 016e 14000000 		.4byte	.LFE123
 1767 0172 0200     		.2byte	0x2
 1768 0174 7D       		.byte	0x7d
 1769 0175 08       		.sleb128 8
 1770 0176 00000000 		.4byte	0
 1771 017a 00000000 		.4byte	0
 1772              	.LLST14:
 1773 017e 00000000 		.4byte	.LVL23
 1774 0182 0B000000 		.4byte	.LVL26-1
 1775 0186 0100     		.2byte	0x1
 1776 0188 50       		.byte	0x50
 1777 0189 0B000000 		.4byte	.LVL26-1
 1778 018d 14000000 		.4byte	.LFE123
 1779 0191 0400     		.2byte	0x4
 1780 0193 F3       		.byte	0xf3
 1781 0194 01       		.uleb128 0x1
 1782 0195 50       		.byte	0x50
 1783 0196 9F       		.byte	0x9f
 1784 0197 00000000 		.4byte	0
 1785 019b 00000000 		.4byte	0
 1786              	.LLST15:
 1787 019f 00000000 		.4byte	.LVL23
 1788 01a3 0B000000 		.4byte	.LVL26-1
 1789 01a7 0100     		.2byte	0x1
 1790 01a9 51       		.byte	0x51
 1791 01aa 0B000000 		.4byte	.LVL26-1
 1792 01ae 14000000 		.4byte	.LFE123
 1793 01b2 0400     		.2byte	0x4
 1794 01b4 F3       		.byte	0xf3
 1795 01b5 01       		.uleb128 0x1
 1796 01b6 51       		.byte	0x51
 1797 01b7 9F       		.byte	0x9f
 1798 01b8 00000000 		.4byte	0
 1799 01bc 00000000 		.4byte	0
 1800              	.LLST16:
 1801 01c0 00000000 		.4byte	.LVL23
 1802 01c4 0B000000 		.4byte	.LVL26-1
 1803 01c8 0100     		.2byte	0x1
 1804 01ca 52       		.byte	0x52
 1805 01cb 0B000000 		.4byte	.LVL26-1
 1806 01cf 14000000 		.4byte	.LFE123
 1807 01d3 0400     		.2byte	0x4
 1808 01d5 F3       		.byte	0xf3
 1809 01d6 01       		.uleb128 0x1
 1810 01d7 52       		.byte	0x52
 1811 01d8 9F       		.byte	0x9f
 1812 01d9 00000000 		.4byte	0
 1813 01dd 00000000 		.4byte	0
 1814              	.LLST17:
 1815 01e1 08000000 		.4byte	.LVL25
ARM GAS  C:\Users\Gaetano\AppData\Local\Temp\ccXEF2wz.s 			page 33


 1816 01e5 0B000000 		.4byte	.LVL26-1
 1817 01e9 0100     		.2byte	0x1
 1818 01eb 53       		.byte	0x53
 1819 01ec 00000000 		.4byte	0
 1820 01f0 00000000 		.4byte	0
 1821              	.LLST18:
 1822 01f4 12000000 		.4byte	.LVL28
 1823 01f8 14000000 		.4byte	.LFE123
 1824 01fc 0100     		.2byte	0x1
 1825 01fe 53       		.byte	0x53
 1826 01ff 00000000 		.4byte	0
 1827 0203 00000000 		.4byte	0
 1828              	.LLST19:
 1829 0207 00000000 		.4byte	.LFB124
 1830 020b 02000000 		.4byte	.LCFI3
 1831 020f 0200     		.2byte	0x2
 1832 0211 7D       		.byte	0x7d
 1833 0212 00       		.sleb128 0
 1834 0213 02000000 		.4byte	.LCFI3
 1835 0217 14000000 		.4byte	.LFE124
 1836 021b 0200     		.2byte	0x2
 1837 021d 7D       		.byte	0x7d
 1838 021e 08       		.sleb128 8
 1839 021f 00000000 		.4byte	0
 1840 0223 00000000 		.4byte	0
 1841              	.LLST20:
 1842 0227 00000000 		.4byte	.LVL29
 1843 022b 0B000000 		.4byte	.LVL32-1
 1844 022f 0100     		.2byte	0x1
 1845 0231 50       		.byte	0x50
 1846 0232 0B000000 		.4byte	.LVL32-1
 1847 0236 14000000 		.4byte	.LFE124
 1848 023a 0400     		.2byte	0x4
 1849 023c F3       		.byte	0xf3
 1850 023d 01       		.uleb128 0x1
 1851 023e 50       		.byte	0x50
 1852 023f 9F       		.byte	0x9f
 1853 0240 00000000 		.4byte	0
 1854 0244 00000000 		.4byte	0
 1855              	.LLST21:
 1856 0248 00000000 		.4byte	.LVL29
 1857 024c 0B000000 		.4byte	.LVL32-1
 1858 0250 0100     		.2byte	0x1
 1859 0252 51       		.byte	0x51
 1860 0253 0B000000 		.4byte	.LVL32-1
 1861 0257 14000000 		.4byte	.LFE124
 1862 025b 0400     		.2byte	0x4
 1863 025d F3       		.byte	0xf3
 1864 025e 01       		.uleb128 0x1
 1865 025f 51       		.byte	0x51
 1866 0260 9F       		.byte	0x9f
 1867 0261 00000000 		.4byte	0
 1868 0265 00000000 		.4byte	0
 1869              	.LLST22:
 1870 0269 08000000 		.4byte	.LVL31
 1871 026d 0B000000 		.4byte	.LVL32-1
 1872 0271 0100     		.2byte	0x1
ARM GAS  C:\Users\Gaetano\AppData\Local\Temp\ccXEF2wz.s 			page 34


 1873 0273 53       		.byte	0x53
 1874 0274 00000000 		.4byte	0
 1875 0278 00000000 		.4byte	0
 1876              	.LLST23:
 1877 027c 12000000 		.4byte	.LVL34
 1878 0280 14000000 		.4byte	.LFE124
 1879 0284 0100     		.2byte	0x1
 1880 0286 53       		.byte	0x53
 1881 0287 00000000 		.4byte	0
 1882 028b 00000000 		.4byte	0
 1883              		.section	.debug_aranges,"",%progbits
 1884 0000 4C000000 		.4byte	0x4c
 1885 0004 0200     		.2byte	0x2
 1886 0006 00000000 		.4byte	.Ldebug_info0
 1887 000a 04       		.byte	0x4
 1888 000b 00       		.byte	0
 1889 000c 0000     		.2byte	0
 1890 000e 0000     		.2byte	0
 1891 0010 00000000 		.4byte	.LFB118
 1892 0014 04000000 		.4byte	.LFE118-.LFB118
 1893 0018 00000000 		.4byte	.LFB119
 1894 001c 0A000000 		.4byte	.LFE119-.LFB119
 1895 0020 00000000 		.4byte	.LFB120
 1896 0024 20000000 		.4byte	.LFE120-.LFB120
 1897 0028 00000000 		.4byte	.LFB121
 1898 002c 1A000000 		.4byte	.LFE121-.LFB121
 1899 0030 00000000 		.4byte	.LFB122
 1900 0034 18000000 		.4byte	.LFE122-.LFB122
 1901 0038 00000000 		.4byte	.LFB123
 1902 003c 14000000 		.4byte	.LFE123-.LFB123
 1903 0040 00000000 		.4byte	.LFB124
 1904 0044 14000000 		.4byte	.LFE124-.LFB124
 1905 0048 00000000 		.4byte	0
 1906 004c 00000000 		.4byte	0
 1907              		.section	.debug_ranges,"",%progbits
 1908              	.Ldebug_ranges0:
 1909 0000 02000000 		.4byte	.LBB2
 1910 0004 04000000 		.4byte	.LBE2
 1911 0008 06000000 		.4byte	.LBB3
 1912 000c 0A000000 		.4byte	.LBE3
 1913 0010 00000000 		.4byte	0
 1914 0014 00000000 		.4byte	0
 1915 0018 02000000 		.4byte	.LBB5
 1916 001c 04000000 		.4byte	.LBE5
 1917 0020 06000000 		.4byte	.LBB6
 1918 0024 0A000000 		.4byte	.LBE6
 1919 0028 00000000 		.4byte	0
 1920 002c 00000000 		.4byte	0
 1921 0030 00000000 		.4byte	.LFB118
 1922 0034 04000000 		.4byte	.LFE118
 1923 0038 00000000 		.4byte	.LFB119
 1924 003c 0A000000 		.4byte	.LFE119
 1925 0040 00000000 		.4byte	.LFB120
 1926 0044 20000000 		.4byte	.LFE120
 1927 0048 00000000 		.4byte	.LFB121
 1928 004c 1A000000 		.4byte	.LFE121
 1929 0050 00000000 		.4byte	.LFB122
ARM GAS  C:\Users\Gaetano\AppData\Local\Temp\ccXEF2wz.s 			page 35


 1930 0054 18000000 		.4byte	.LFE122
 1931 0058 00000000 		.4byte	.LFB123
 1932 005c 14000000 		.4byte	.LFE123
 1933 0060 00000000 		.4byte	.LFB124
 1934 0064 14000000 		.4byte	.LFE124
 1935 0068 00000000 		.4byte	0
 1936 006c 00000000 		.4byte	0
 1937              		.section	.debug_line,"",%progbits
 1938              	.Ldebug_line0:
 1939 0000 DF010000 		.section	.debug_str,"MS",%progbits,1
 1939      02004B01 
 1939      00000201 
 1939      FB0E0D00 
 1939      01010101 
 1940              	.LASF30:
 1941 0000 43434552 		.ascii	"CCER\000"
 1941      00
 1942              	.LASF58:
 1943 0005 70776D5F 		.ascii	"pwm_lld_stop\000"
 1943      6C6C645F 
 1943      73746F70 
 1943      00
 1944              	.LASF32:
 1945 0012 444D4152 		.ascii	"DMAR\000"
 1945      00
 1946              	.LASF21:
 1947 0017 73746174 		.ascii	"state\000"
 1947      6500
 1948              	.LASF29:
 1949 001d 43434D52 		.ascii	"CCMR2\000"
 1949      3200
 1950              	.LASF33:
 1951 0023 43434D52 		.ascii	"CCMR3\000"
 1951      3300
 1952              	.LASF3:
 1953 0029 73686F72 		.ascii	"short int\000"
 1953      7420696E 
 1953      7400
 1954              	.LASF39:
 1955 0033 70776D63 		.ascii	"pwmcnt_t\000"
 1955      6E745F74 
 1955      00
 1956              	.LASF14:
 1957 003c 73697A65 		.ascii	"sizetype\000"
 1957      74797065 
 1957      00
 1958              	.LASF65:
 1959 0045 70776D5F 		.ascii	"pwm_lld_disable_channel\000"
 1959      6C6C645F 
 1959      64697361 
 1959      626C655F 
 1959      6368616E 
 1960              	.LASF38:
 1961 005d 70776D63 		.ascii	"pwmchannel_t\000"
 1961      68616E6E 
 1961      656C5F74 
 1961      00
ARM GAS  C:\Users\Gaetano\AppData\Local\Temp\ccXEF2wz.s 			page 36


 1962              	.LASF40:
 1963 006a 6D6F6465 		.ascii	"mode\000"
 1963      00
 1964              	.LASF44:
 1965 006f 6368616E 		.ascii	"channels\000"
 1965      6E656C73 
 1965      00
 1966              	.LASF22:
 1967 0078 636F6E66 		.ascii	"config\000"
 1967      696700
 1968              	.LASF48:
 1969 007f 70776D4F 		.ascii	"pwmObjectInit\000"
 1969      626A6563 
 1969      74496E69 
 1969      7400
 1970              	.LASF4:
 1971 008d 75696E74 		.ascii	"uint8_t\000"
 1971      385F7400 
 1972              	.LASF53:
 1973 0095 70776D45 		.ascii	"pwmEnableChannel\000"
 1973      6E61626C 
 1973      65436861 
 1973      6E6E656C 
 1973      00
 1974              	.LASF55:
 1975 00a6 77696474 		.ascii	"width\000"
 1975      6800
 1976              	.LASF49:
 1977 00ac 70776D53 		.ascii	"pwmStart\000"
 1977      74617274 
 1977      00
 1978              	.LASF11:
 1979 00b5 6C6F6E67 		.ascii	"long long int\000"
 1979      206C6F6E 
 1979      6720696E 
 1979      7400
 1980              	.LASF62:
 1981 00c3 433A5C43 		.ascii	"C:\\ChibiStudio\\chibios\\demos\\robotic_hand\000"
 1981      68696269 
 1981      53747564 
 1981      696F5C63 
 1981      68696269 
 1982              	.LASF8:
 1983 00ed 6C6F6E67 		.ascii	"long int\000"
 1983      20696E74 
 1983      00
 1984              	.LASF47:
 1985 00f6 70776D49 		.ascii	"pwmInit\000"
 1985      6E697400 
 1986              	.LASF34:
 1987 00fe 43435235 		.ascii	"CCR5\000"
 1987      00
 1988              	.LASF35:
 1989 0103 43435236 		.ascii	"CCR6\000"
 1989      00
 1990              	.LASF23:
 1991 0108 70657269 		.ascii	"period\000"
ARM GAS  C:\Users\Gaetano\AppData\Local\Temp\ccXEF2wz.s 			page 37


 1991      6F6400
 1992              	.LASF28:
 1993 010f 43434D52 		.ascii	"CCMR1\000"
 1993      3100
 1994              	.LASF57:
 1995 0115 70776D5F 		.ascii	"pwm_lld_start\000"
 1995      6C6C645F 
 1995      73746172 
 1995      7400
 1996              	.LASF46:
 1997 0123 50574D43 		.ascii	"PWMConfig\000"
 1997      6F6E6669 
 1997      6700
 1998              	.LASF50:
 1999 012d 70776D70 		.ascii	"pwmp\000"
 1999      00
 2000              	.LASF26:
 2001 0132 534D4352 		.ascii	"SMCR\000"
 2001      00
 2002              	.LASF16:
 2003 0137 50574D5F 		.ascii	"PWM_UNINIT\000"
 2003      554E494E 
 2003      495400
 2004              	.LASF2:
 2005 0142 756E7369 		.ascii	"unsigned char\000"
 2005      676E6564 
 2005      20636861 
 2005      7200
 2006              	.LASF59:
 2007 0150 70776D5F 		.ascii	"pwm_lld_enable_channel\000"
 2007      6C6C645F 
 2007      656E6162 
 2007      6C655F63 
 2007      68616E6E 
 2008              	.LASF56:
 2009 0167 70776D44 		.ascii	"pwmDisableChannel\000"
 2009      69736162 
 2009      6C654368 
 2009      616E6E65 
 2009      6C00
 2010              	.LASF1:
 2011 0179 7369676E 		.ascii	"signed char\000"
 2011      65642063 
 2011      68617200 
 2012              	.LASF12:
 2013 0185 6C6F6E67 		.ascii	"long long unsigned int\000"
 2013      206C6F6E 
 2013      6720756E 
 2013      7369676E 
 2013      65642069 
 2014              	.LASF9:
 2015 019c 75696E74 		.ascii	"uint32_t\000"
 2015      33325F74 
 2015      00
 2016              	.LASF0:
 2017 01a5 756E7369 		.ascii	"unsigned int\000"
 2017      676E6564 
ARM GAS  C:\Users\Gaetano\AppData\Local\Temp\ccXEF2wz.s 			page 38


 2017      20696E74 
 2017      00
 2018              	.LASF5:
 2019 01b2 75696E74 		.ascii	"uint16_t\000"
 2019      31365F74 
 2019      00
 2020              	.LASF31:
 2021 01bb 42445452 		.ascii	"BDTR\000"
 2021      00
 2022              	.LASF60:
 2023 01c0 474E5520 		.ascii	"GNU C 4.7.4 20140401 (release) [ARM/embedded-4_7-br"
 2023      4320342E 
 2023      372E3420 
 2023      32303134 
 2023      30343031 
 2024 01f3 616E6368 		.ascii	"anch revision 209195]\000"
 2024      20726576 
 2024      6973696F 
 2024      6E203230 
 2024      39313935 
 2025              	.LASF27:
 2026 0209 44494552 		.ascii	"DIER\000"
 2026      00
 2027              	.LASF6:
 2028 020e 73686F72 		.ascii	"short unsigned int\000"
 2028      7420756E 
 2028      7369676E 
 2028      65642069 
 2028      6E7400
 2029              	.LASF64:
 2030 0221 70776D5F 		.ascii	"pwm_lld_init\000"
 2030      6C6C645F 
 2030      696E6974 
 2030      00
 2031              	.LASF15:
 2032 022e 63686172 		.ascii	"char\000"
 2032      00
 2033              	.LASF36:
 2034 0233 73746D33 		.ascii	"stm32_tim_t\000"
 2034      325F7469 
 2034      6D5F7400 
 2035              	.LASF20:
 2036 023f 50574D44 		.ascii	"PWMDriver\000"
 2036      72697665 
 2036      7200
 2037              	.LASF7:
 2038 0249 696E7433 		.ascii	"int32_t\000"
 2038      325F7400 
 2039              	.LASF13:
 2040 0251 5F426F6F 		.ascii	"_Bool\000"
 2040      6C00
 2041              	.LASF54:
 2042 0257 6368616E 		.ascii	"channel\000"
 2042      6E656C00 
 2043              	.LASF52:
 2044 025f 70776D43 		.ascii	"pwmChangePeriod\000"
 2044      68616E67 
ARM GAS  C:\Users\Gaetano\AppData\Local\Temp\ccXEF2wz.s 			page 39


 2044      65506572 
 2044      696F6400 
 2045              	.LASF10:
 2046 026f 6C6F6E67 		.ascii	"long unsigned int\000"
 2046      20756E73 
 2046      69676E65 
 2046      6420696E 
 2046      7400
 2047              	.LASF24:
 2048 0281 636C6F63 		.ascii	"clock\000"
 2048      6B00
 2049              	.LASF61:
 2050 0287 2E2E2F2E 		.ascii	"../../os/hal/src/pwm.c\000"
 2050      2E2F6F73 
 2050      2F68616C 
 2050      2F737263 
 2050      2F70776D 
 2051              	.LASF18:
 2052 029e 50574D5F 		.ascii	"PWM_READY\000"
 2052      52454144 
 2052      5900
 2053              	.LASF17:
 2054 02a8 50574D5F 		.ascii	"PWM_STOP\000"
 2054      53544F50 
 2054      00
 2055              	.LASF45:
 2056 02b1 64696572 		.ascii	"dier\000"
 2056      00
 2057              	.LASF51:
 2058 02b6 70776D53 		.ascii	"pwmStop\000"
 2058      746F7000 
 2059              	.LASF43:
 2060 02be 66726571 		.ascii	"frequency\000"
 2060      75656E63 
 2060      7900
 2061              	.LASF42:
 2062 02c8 50574D43 		.ascii	"PWMChannelConfig\000"
 2062      68616E6E 
 2062      656C436F 
 2062      6E666967 
 2062      00
 2063              	.LASF37:
 2064 02d9 70776D6D 		.ascii	"pwmmode_t\000"
 2064      6F64655F 
 2064      7400
 2065              	.LASF63:
 2066 02e3 49544D5F 		.ascii	"ITM_RxBuffer\000"
 2066      52784275 
 2066      66666572 
 2066      00
 2067              	.LASF19:
 2068 02f0 70776D73 		.ascii	"pwmstate_t\000"
 2068      74617465 
 2068      5F7400
 2069              	.LASF25:
 2070 02fb 70776D63 		.ascii	"pwmcallback_t\000"
 2070      616C6C62 
ARM GAS  C:\Users\Gaetano\AppData\Local\Temp\ccXEF2wz.s 			page 40


 2070      61636B5F 
 2070      7400
 2071              	.LASF41:
 2072 0309 63616C6C 		.ascii	"callback\000"
 2072      6261636B 
 2072      00
 2073              		.ident	"GCC: (GNU Tools for ARM Embedded Processors) 4.7.4 20140401 (release) [ARM/embedded-4_7-br
ARM GAS  C:\Users\Gaetano\AppData\Local\Temp\ccXEF2wz.s 			page 41


DEFINED SYMBOLS
                            *ABS*:00000000 pwm.c
C:\Users\Gaetano\AppData\Local\Temp\ccXEF2wz.s:19     .text.pwmInit:00000000 $t
C:\Users\Gaetano\AppData\Local\Temp\ccXEF2wz.s:25     .text.pwmInit:00000000 pwmInit
C:\Users\Gaetano\AppData\Local\Temp\ccXEF2wz.s:41     .text.pwmObjectInit:00000000 $t
C:\Users\Gaetano\AppData\Local\Temp\ccXEF2wz.s:47     .text.pwmObjectInit:00000000 pwmObjectInit
C:\Users\Gaetano\AppData\Local\Temp\ccXEF2wz.s:68     .text.pwmStart:00000000 $t
C:\Users\Gaetano\AppData\Local\Temp\ccXEF2wz.s:74     .text.pwmStart:00000000 pwmStart
C:\Users\Gaetano\AppData\Local\Temp\ccXEF2wz.s:129    .text.pwmStop:00000000 $t
C:\Users\Gaetano\AppData\Local\Temp\ccXEF2wz.s:135    .text.pwmStop:00000000 pwmStop
C:\Users\Gaetano\AppData\Local\Temp\ccXEF2wz.s:183    .text.pwmChangePeriod:00000000 $t
C:\Users\Gaetano\AppData\Local\Temp\ccXEF2wz.s:189    .text.pwmChangePeriod:00000000 pwmChangePeriod
C:\Users\Gaetano\AppData\Local\Temp\ccXEF2wz.s:231    .text.pwmEnableChannel:00000000 $t
C:\Users\Gaetano\AppData\Local\Temp\ccXEF2wz.s:237    .text.pwmEnableChannel:00000000 pwmEnableChannel
C:\Users\Gaetano\AppData\Local\Temp\ccXEF2wz.s:277    .text.pwmDisableChannel:00000000 $t
C:\Users\Gaetano\AppData\Local\Temp\ccXEF2wz.s:283    .text.pwmDisableChannel:00000000 pwmDisableChannel
                     .debug_frame:00000010 $d

UNDEFINED SYMBOLS
pwm_lld_init
pwm_lld_start
pwm_lld_stop
pwm_lld_enable_channel
pwm_lld_disable_channel
